This is XeTeX, Version 3.14159265-2.6-0.99996 (MiKTeX 2.9 64-bit) (preloaded format=xelatex 2016.6.23)  30 JUN 2017 14:09
entering extended mode
**./Callister-Ch2-Quiz-Exam.tex
(Callister-Ch2-Quiz-Exam.tex
LaTeX2e <2016/03/31> patch level 1
Babel <3.9r> and hyphenation patterns for 75 language(s) loaded.
("C:\Program Files\MiKTeX 2.9\tex\latex\exam\exam.cls"
Document Class: exam 2015/05/07 Version 2.5 by Philip Hirschhorn
("C:\Program Files\MiKTeX 2.9\tex\latex\base\ifthen.sty"
Package: ifthen 2014/09/29 v1.1c Standard LaTeX ifthen package (DPC)
) ("C:\Program Files\MiKTeX 2.9\tex\latex\base\article.cls"
Document Class: article 2014/09/29 v1.4h Standard LaTeX document class
("C:\Program Files\MiKTeX 2.9\tex\latex\base\size11.clo"
File: size11.clo 2014/09/29 v1.4h Standard LaTeX file (size option)
)
\c@part=\count79
\c@section=\count80
\c@subsection=\count81
\c@subsubsection=\count82
\c@paragraph=\count83
\c@subparagraph=\count84
\c@figure=\count85
\c@table=\count86
\abovecaptionskip=\skip41
\belowcaptionskip=\skip42
\bibindent=\dimen102
)
\@extrawidth=\skip43
\@rightmargin=\skip44
\@extrahead=\skip45
\@extrafoot=\skip46
\run@exhd=\skip47
\fp@exhd=\skip48
\run@exft=\skip49
\fp@exft=\skip50
\covrun@exhd=\skip51
\covfp@exhd=\skip52
\covrun@exft=\skip53
\covfp@exft=\skip54
\c@num@coverpages=\count87
\c@latest@ques=\count88
\c@ques@end=\count89
\c@last@object=\count90
\c@incmp@ques=\count91
\c@next@ques=\count92
\c@next@page=\count93
\c@tmp@hlfcntr=\count94
\c@ifpos@cntr=\count95
\c@question=\count96
\c@partno=\count97
\c@subpart=\count98
\c@subsubpart=\count99
\c@choice=\count100
\c@numpoints=\count101
\c@numbonuspoints=\count102
\c@pointsof@thisquestion=\count103
\c@bonuspointsof@thisquestion=\count104
\c@numquestions=\count105
\c@numparts=\count106
\c@numsubparts=\count107
\c@numsubsubparts=\count108
\c@Curr@Page=\count109
\c@@pagepoints=\count110
\c@@pagebonuspoints=\count111
\c@pageof@pagepoints=\count112
\c@pageof@pagebonuspoints=\count113
\c@latest@points=\count114
\c@latest@bonuspoints=\count115
\pageinfo@commands=\toks14
\temp@toks=\toks15
\pagepoint@commands=\toks16
\point@toks=\toks17
\c@ques@object=\count116
\marginpointssep=\skip55
\rightpointsmargin=\skip56
\choice@toks=\toks18
\answerlinelength=\skip57
\answerskip=\skip58
\answerclearance=\skip59
\fillinlinelength=\skip60
\linefillheight=\skip61
\linefillthickness=\skip62
\dottedlinefillheight=\skip63
\gridsize=\skip64
\gridlinewidth=\skip65
\minboxheight=\skip66
\c@@iterator=\count117
\@cellwidth=\skip67
\c@tbl@points=\count118
\c@tbl@bonuspoints=\count119
\c@num@cols=\count120
\exam@box=\box26
\saved@totalleftmargin=\dimen103
\@sollistdepth=\count121
\FrameRule=\dimen104
\FrameSep=\dimen105
) ("C:\Local TeX Files\tex\latex\misc\jde_course.sty"
("C:\Program Files\MiKTeX 2.9\tex\latex\ulem\ulem.sty"
\UL@box=\box27
\UL@hyphenbox=\box28
\UL@skip=\skip68
\UL@hook=\toks19
\UL@height=\dimen106
\UL@pe=\count122
\UL@pixel=\dimen107
\ULC@box=\box29
Package: ulem 2012/05/18
\ULdepth=\dimen108
) ("C:\Program Files\MiKTeX 2.9\tex\latex\xltxtra\xltxtra.sty"
Package: xltxtra 2016/01/21 v0.6 Improvements for the "XeLaTeX" format

("C:\Program Files\MiKTeX 2.9\tex\generic\oberdiek\ifluatex.sty"
Package: ifluatex 2016/05/16 v1.4 Provides the ifluatex switch (HO)
Package ifluatex Info: LuaTeX not detected.
)
("C:\Program Files\MiKTeX 2.9\tex\generic\ifxetex\ifxetex.sty"
Package: ifxetex 2010/09/12 v0.6 Provides ifxetex conditional
)
("C:\Program Files\MiKTeX 2.9\tex\latex\fontspec\fontspec.sty" ("C:\Program Files\MiKTeX 2.9\tex\latex\l3kernel\expl3.st
y"
Package: expl3 2016/05/18 v6512 L3 programming layer (loader) 
 ("C:\Program Files\MiKTeX 2.9\tex\latex\l3kernel\expl3-code.tex"
Package: expl3 2016/05/18 v6512 L3 programming layer (code)
L3 Module: l3bootstrap 2016/02/12 v6412 L3 Bootstrap code
L3 Module: l3names 2016/03/11 v6433 L3 Namespace for primitives
L3 Module: l3basics 2015/11/22 v6315 L3 Basic definitions
L3 Module: l3expan 2015/09/10 v5983 L3 Argument expansion
L3 Module: l3tl 2016/03/26 v6465 L3 Token lists
L3 Module: l3str 2016/03/24 v6441 L3 Strings
L3 Module: l3seq 2015/08/05 v5777 L3 Sequences and stacks
L3 Module: l3int 2016/03/24 v6441 L3 Integers
\c_max_int=\count123
\l_tmpa_int=\count124
\l_tmpb_int=\count125
\g_tmpa_int=\count126
\g_tmpb_int=\count127
L3 Module: l3quark 2015/08/17 v5855 L3 Quarks
L3 Module: l3prg 2015/11/01 v6216 L3 Control structures
\g__prg_map_int=\count128
L3 Module: l3clist 2015/09/02 v5901 L3 Comma separated lists
L3 Module: l3token 2016/04/03 v6470 L3 Experimental token manipulation
L3 Module: l3prop 2016/01/05 v6366 L3 Property lists
L3 Module: l3msg 2016/03/26 v6464 L3 Messages
L3 Module: l3file 2016/03/25 v6458 L3 File and I/O operations
\l_iow_line_count_int=\count129
\l__iow_target_count_int=\count130
\l__iow_current_line_int=\count131
\l__iow_current_word_int=\count132
\l__iow_current_indentation_int=\count133
L3 Module: l3skip 2016/01/05 v6366 L3 Dimensions and skips
\c_zero_dim=\dimen109
\c_max_dim=\dimen110
\l_tmpa_dim=\dimen111
\l_tmpb_dim=\dimen112
\g_tmpa_dim=\dimen113
\g_tmpb_dim=\dimen114
\c_zero_skip=\skip69
\c_max_skip=\skip70
\l_tmpa_skip=\skip71
\l_tmpb_skip=\skip72
\g_tmpa_skip=\skip73
\g_tmpb_skip=\skip74
\c_zero_muskip=\muskip10
\c_max_muskip=\muskip11
\l_tmpa_muskip=\muskip12
\l_tmpb_muskip=\muskip13
\g_tmpa_muskip=\muskip14
\g_tmpb_muskip=\muskip15
L3 Module: l3keys 2015/11/17 v6284 L3 Key-value interfaces
\g__keyval_level_int=\count134
\l_keys_choice_int=\count135
L3 Module: l3fp 2016/03/26 v6465 L3 Floating points
\c__fp_leading_shift_int=\count136
\c__fp_middle_shift_int=\count137
\c__fp_trailing_shift_int=\count138
\c__fp_big_leading_shift_int=\count139
\c__fp_big_middle_shift_int=\count140
\c__fp_big_trailing_shift_int=\count141
\c__fp_Bigg_leading_shift_int=\count142
\c__fp_Bigg_middle_shift_int=\count143
\c__fp_Bigg_trailing_shift_int=\count144
L3 Module: l3box 2015/08/09 v5822 L3 Experimental boxes
\c_empty_box=\box30
\l_tmpa_box=\box31
\l_tmpb_box=\box32
\g_tmpa_box=\box33
\g_tmpb_box=\box34
L3 Module: l3coffins 2016/05/17 v6508 L3 Coffin code layer
\l__coffin_internal_box=\box35
\l__coffin_internal_dim=\dimen115
\l__coffin_offset_x_dim=\dimen116
\l__coffin_offset_y_dim=\dimen117
\l__coffin_x_dim=\dimen118
\l__coffin_y_dim=\dimen119
\l__coffin_x_prime_dim=\dimen120
\l__coffin_y_prime_dim=\dimen121
\c_empty_coffin=\box36
\l__coffin_aligned_coffin=\box37
\l__coffin_aligned_internal_coffin=\box38
\l_tmpa_coffin=\box39
\l_tmpb_coffin=\box40
\l__coffin_display_coffin=\box41
\l__coffin_display_coord_coffin=\box42
\l__coffin_display_pole_coffin=\box43
\l__coffin_display_offset_dim=\dimen122
\l__coffin_display_x_dim=\dimen123
\l__coffin_display_y_dim=\dimen124
L3 Module: l3color 2014/08/23 v5354 L3 Experimental color support
L3 Module: l3sys 2015/09/25 v6087 L3 Experimental system/runtime functions
L3 Module: l3candidates 2016/05/13 v6484 L3 Experimental additions to l3kernel
\l__box_top_dim=\dimen125
\l__box_bottom_dim=\dimen126
\l__box_left_dim=\dimen127
\l__box_right_dim=\dimen128
\l__box_top_new_dim=\dimen129
\l__box_bottom_new_dim=\dimen130
\l__box_left_new_dim=\dimen131
\l__box_right_new_dim=\dimen132
\l__box_internal_box=\box44
\l__coffin_bounding_shift_dim=\dimen133
\l__coffin_left_corner_dim=\dimen134
\l__coffin_right_corner_dim=\dimen135
\l__coffin_bottom_corner_dim=\dimen136
\l__coffin_top_corner_dim=\dimen137
\l__coffin_scaled_total_height_dim=\dimen138
\l__coffin_scaled_width_dim=\dimen139
L3 Module: l3luatex 2016/03/26 v6465 L3 Experimental LuaTeX-specific functions
)
("C:\Program Files\MiKTeX 2.9\tex\latex\l3kernel\l3xdvipdfmx.def"
File: l3xdvidpfmx.def 2016/03/26 v6465 L3 Experimental driver: xdvipdfmx
\l__driver_tmp_box=\box45
))
("C:\Program Files\MiKTeX 2.9\tex\latex\l3packages\xparse\xparse.sty"
Package: xparse 2016/05/18 v6512 L3 Experimental document command parser
\l__xparse_current_arg_int=\count145
\l__xparse_m_args_int=\count146
\l__xparse_mandatory_args_int=\count147
\l__xparse_processor_int=\count148
\l__xparse_v_nesting_int=\count149
)
Package: fontspec 2016/02/01 v2.5a Font selection for XeLaTeX and LuaLaTeX

("C:\Program Files\MiKTeX 2.9\tex\latex\fontspec\fontspec-xetex.sty"
Package: fontspec-xetex 2016/02/01 v2.5a Font selection for XeLaTeX and LuaLaTeX
\l_fontspec_script_int=\count150
\l_fontspec_language_int=\count151
\l_fontspec_strnum_int=\count152
\l__fontspec_tmpa_dim=\dimen140
\l__fontspec_tmpb_dim=\dimen141
\l__fontspec_tmpc_dim=\dimen142
\g__file_internal_ior=\read1

("C:\Program Files\MiKTeX 2.9\tex\latex\base\fontenc.sty"
Package: fontenc 2005/09/27 v1.99g Standard LaTeX package
 ("C:\Program Files\MiKTeX 2.9\tex\latex\euenc\eu1enc.def"
File: eu1enc.def 2010/05/27 v0.1h Experimental Unicode font encodings
)
LaTeX Font Info:    Try loading font information for EU1+lmr on input line 105.

("C:\Program Files\MiKTeX 2.9\tex\latex\euenc\eu1lmr.fd"
File: eu1lmr.fd 2009/10/30 v1.6 Font defs for Latin Modern
))
("C:\Program Files\MiKTeX 2.9\tex\xelatex\xunicode\xunicode.sty"
File: xunicode.sty 2011/09/09 v0.981 provides access to latin accents and many other characters in Unicode lower plane
 ("C:\Program Files\MiKTeX 2.9\tex\latex\tipa\t3enc.def"
File: t3enc.def 2001/12/31 T3 encoding
LaTeX Font Info:    Try loading font information for EU1+lmss on input line 357.
("C:\Program Files\MiKTeX 2.9\tex\latex\euenc\eu1lmss.fd"
File: eu1lmss.fd 2009/10/30 v1.6 Font defs for Latin Modern
))
\tipaTiiicode=\count153
\tipasavetokens=\toks20
\tipachecktokens=\toks21
 ("C:\Program Files\MiKTeX 2.9\tex\latex\graphics\graphicx.sty"
Package: graphicx 2014/10/28 v1.0g Enhanced LaTeX Graphics (DPC,SPQR)
 ("C:\Program Files\MiKTeX 2.9\tex\latex\graphics\keyval.sty"
Package: keyval 2014/10/28 v1.15 key=value parser (DPC)
\KV@toks@=\toks22
)
("C:\Program Files\MiKTeX 2.9\tex\latex\graphics\graphics.sty"
Package: graphics 2016/06/02 v1.0s Standard LaTeX Graphics (DPC,SPQR)
 ("C:\Program Files\MiKTeX 2.9\tex\latex\graphics\trig.sty"
Package: trig 2016/01/03 v1.10 sin cos tan (DPC)
) ("C:\Program Files\MiKTeX 2.9\tex\latex\00miktex\graphics.cfg"
File: graphics.cfg 2016/06/04 v1.11 sample graphics configuration
)
Package graphics Info: Driver file: xetex.def on input line 99.

("C:\Program Files\MiKTeX 2.9\tex\xelatex\xetex-def\xetex.def"
File: xetex.def 2016/04/06 v4.08 LaTeX color/graphics driver for XeTeX (TeX Live/RRM/JK)

("C:\Program Files\MiKTeX 2.9\tex\generic\oberdiek\infwarerr.sty"
Package: infwarerr 2016/05/16 v1.4 Providing info/warning/error messages (HO)
)
("C:\Program Files\MiKTeX 2.9\tex\generic\oberdiek\ltxcmds.sty"
Package: ltxcmds 2016/05/16 v1.23 LaTeX kernel commands for general use (HO)
)))
\Gin@req@height=\dimen143
\Gin@req@width=\dimen144
))
.................................................
. LaTeX info: "xparse/define-command"
. 
. Defining command \__fontspec_post_arg:w with sig. 'mmO{}' on line 353.
.................................................
.................................................
. LaTeX info: "xparse/define-command"
. 
. Defining command \fontspec with sig. 'om' on line 355.
.................................................
.................................................
. LaTeX info: "xparse/define-command"
. 
. Defining command \setmainfont with sig. 'om' on line 365.
.................................................
.................................................
. LaTeX info: "xparse/define-command"
. 
. Defining command \setsansfont with sig. 'om' on line 375.
.................................................
.................................................
. LaTeX info: "xparse/define-command"
. 
. Defining command \setmonofont with sig. 'om' on line 385.
.................................................
.................................................
. LaTeX info: "xparse/define-command"
. 
. Defining command \setmathrm with sig. 'om' on line 399.
.................................................
.................................................
. LaTeX info: "xparse/define-command"
. 
. Defining command \setboldmathrm with sig. 'om' on line 407.
.................................................
.................................................
. LaTeX info: "xparse/define-command"
. 
. Defining command \setmathsf with sig. 'om' on line 415.
.................................................
.................................................
. LaTeX info: "xparse/define-command"
. 
. Defining command \setmathtt with sig. 'om' on line 423.
.................................................
.................................................
. LaTeX info: "xparse/define-command"
. 
. Defining command \newfontfamily with sig. 'mom' on line 437.
.................................................
.................................................
. LaTeX info: "xparse/define-command"
. 
. Defining command \newfontface with sig. 'mom' on line 453.
.................................................
.................................................
. LaTeX info: "xparse/define-command"
. 
. Defining command \defaultfontfeatures with sig. 't+om' on line 467.
.................................................
.................................................
. LaTeX info: "xparse/define-command"
. 
. Defining command \addfontfeatures with sig. 'm' on line 529.
.................................................
.................................................
. LaTeX info: "xparse/define-command"
. 
. Defining command \newfontfeature with sig. 'mm' on line 540.
.................................................
.................................................
. LaTeX info: "xparse/define-command"
. 
. Defining command \newAATfeature with sig. 'mmmm' on line 548.
.................................................
.................................................
. LaTeX info: "xparse/define-command"
. 
. Defining command \newopentypefeature with sig. 'mmm' on line 556.
.................................................
.................................................
. LaTeX info: "xparse/define-command"
. 
. Defining command \aliasfontfeature with sig. 'mm' on line 577.
.................................................
.................................................
. LaTeX info: "xparse/define-command"
. 
. Defining command \aliasfontfeatureoption with sig. 'mmm' on line 586.
.................................................
.................................................
. LaTeX info: "xparse/define-command"
. 
. Defining command \newfontscript with sig. 'mm' on line 590.
.................................................
.................................................
. LaTeX info: "xparse/define-command"
. 
. Defining command \newfontlanguage with sig. 'mm' on line 594.
.................................................
.................................................
. LaTeX info: "xparse/define-command"
. 
. Defining command \DeclareFontsExtensions with sig. 'm' on line 599.
.................................................
\l__fontspec_tmp_int=\count154

("C:\Program Files\MiKTeX 2.9\tex\latex\fontspec\fontspec.cfg")
LaTeX Info: Redefining \itshape on input line 2705.
LaTeX Info: Redefining \slshape on input line 2710.
LaTeX Info: Redefining \scshape on input line 2715.
LaTeX Info: Redefining \upshape on input line 2720.
\l__fontspec_em_int=\count155
\l__fontspec_emdef_int=\count156
LaTeX Info: Redefining \em on input line 2736.
LaTeX Info: Redefining \emph on input line 2742.
LaTeX Info: Redefining \- on input line 2746.
.................................................
. LaTeX info: "xparse/redefine-command"
. 
. Redefining command \oldstylenums with sig. 'm' on line 2841.
.................................................
.................................................
. LaTeX info: "xparse/define-command"
. 
. Defining command \liningnums with sig. 'm' on line 2845.
.................................................
))
("C:\Program Files\MiKTeX 2.9\tex\latex\realscripts\realscripts.sty"
Package: realscripts 2016/02/13 v0.3d Access OpenType subscripts and superscripts
.................................................
. LaTeX info: "xparse/define-command"
. 
. Defining command \fakesubscript with sig. 'm' on line 19.
.................................................
.................................................
. LaTeX info: "xparse/define-command"
. 
. Defining command \fakesuperscript with sig. 'm' on line 22.
.................................................
.................................................
. LaTeX info: "xparse/redefine-command"
. 
. Redefining command \textsubscript with sig. 's' on line 25.
.................................................
.................................................
. LaTeX info: "xparse/redefine-command"
. 
. Redefining command \textsuperscript with sig. 's' on line 28.
.................................................
.................................................
. LaTeX info: "xparse/define-command"
. 
. Defining command \realsubscript with sig. 'm' on line 45.
.................................................
.................................................
. LaTeX info: "xparse/define-command"
. 
. Defining command \realsuperscript with sig. 'm' on line 60.
.................................................
.................................................
. LaTeX info: "xparse/define-command"
. 
. Defining command \textsubsuperscript with sig. 'sO{l}mm' on line 138.
.................................................
.................................................
. LaTeX info: "xparse/define-command"
. 
. Defining command \textsupersubscript with sig. 'sO{l}mm' on line 143.
.................................................
\subsupersep=\dimen145
)
("C:\Program Files\MiKTeX 2.9\tex\latex\metalogo\metalogo.sty"
Package: metalogo 2010/05/29 v0.12 Extended TeX logo macros
\xl@everylogo=\toks23
\xl@@everylogo=\toks24
LaTeX Info: Redefining \TeX on input line 193.
LaTeX Info: Redefining \LaTeX on input line 202.
LaTeX Info: Redefining \LaTeXe on input line 219.
)
\l__xetex_show_hyphens_wrapping_box=\box46
\l__xetex_show_hyphens_temp_box=\box47
\l__xetex_show_hyphens_final_box=\box48
\g__xetex_show_hyphens_word_box=\box49
) ("C:\Program Files\MiKTeX 2.9\tex\latex\lm\lmodern.sty"
Package: lmodern 2009/10/30 v1.6 Latin Modern Fonts
LaTeX Font Info:    Overwriting symbol font `operators' in version `normal'
(Font)                  OT1/cmr/m/n --> OT1/lmr/m/n on input line 22.
LaTeX Font Info:    Overwriting symbol font `letters' in version `normal'
(Font)                  OML/cmm/m/it --> OML/lmm/m/it on input line 23.
LaTeX Font Info:    Overwriting symbol font `symbols' in version `normal'
(Font)                  OMS/cmsy/m/n --> OMS/lmsy/m/n on input line 24.
LaTeX Font Info:    Overwriting symbol font `largesymbols' in version `normal'
(Font)                  OMX/cmex/m/n --> OMX/lmex/m/n on input line 25.
LaTeX Font Info:    Overwriting symbol font `operators' in version `bold'
(Font)                  OT1/cmr/bx/n --> OT1/lmr/bx/n on input line 26.
LaTeX Font Info:    Overwriting symbol font `letters' in version `bold'
(Font)                  OML/cmm/b/it --> OML/lmm/b/it on input line 27.
LaTeX Font Info:    Overwriting symbol font `symbols' in version `bold'
(Font)                  OMS/cmsy/b/n --> OMS/lmsy/b/n on input line 28.
LaTeX Font Info:    Overwriting symbol font `largesymbols' in version `bold'
(Font)                  OMX/cmex/m/n --> OMX/lmex/m/n on input line 29.
LaTeX Font Info:    Overwriting math alphabet `\mathbf' in version `normal'
(Font)                  OT1/cmr/bx/n --> OT1/lmr/bx/n on input line 31.
LaTeX Font Info:    Overwriting math alphabet `\mathsf' in version `normal'
(Font)                  OT1/cmss/m/n --> OT1/lmss/m/n on input line 32.
LaTeX Font Info:    Overwriting math alphabet `\mathit' in version `normal'
(Font)                  OT1/cmr/m/it --> OT1/lmr/m/it on input line 33.
LaTeX Font Info:    Overwriting math alphabet `\mathtt' in version `normal'
(Font)                  OT1/cmtt/m/n --> OT1/lmtt/m/n on input line 34.
LaTeX Font Info:    Overwriting math alphabet `\mathbf' in version `bold'
(Font)                  OT1/cmr/bx/n --> OT1/lmr/bx/n on input line 35.
LaTeX Font Info:    Overwriting math alphabet `\mathsf' in version `bold'
(Font)                  OT1/cmss/bx/n --> OT1/lmss/bx/n on input line 36.
LaTeX Font Info:    Overwriting math alphabet `\mathit' in version `bold'
(Font)                  OT1/cmr/bx/it --> OT1/lmr/bx/it on input line 37.
LaTeX Font Info:    Overwriting math alphabet `\mathtt' in version `bold'
(Font)                  OT1/cmtt/m/n --> OT1/lmtt/m/n on input line 38.
) ("C:\Program Files\MiKTeX 2.9\tex\latex\sectsty\sectsty.sty"
Package: sectsty 2002/02/25 v2.0.2 Commands to change all sectional heading styles
)
("C:\Program Files\MiKTeX 2.9\tex\latex\datetime\datetime.sty"
Package: datetime 2015/03/20 v2.60 Date Time Package

("C:\Program Files\MiKTeX 2.9\tex\latex\etoolbox\etoolbox.sty"
Package: etoolbox 2015/08/02 v2.2a e-TeX tools for LaTeX (JAW)
\etb@tempcnta=\count157
)
("C:\Program Files\MiKTeX 2.9\tex\latex\fmtcount\fmtcount.sty"
Package: fmtcount 2015/05/05 v3.01

("C:\Program Files\MiKTeX 2.9\tex\latex\xkeyval\xkeyval.sty"
Package: xkeyval 2014/12/03 v2.7a package option processing (HA)

("C:\Program Files\MiKTeX 2.9\tex\generic\xkeyval\xkeyval.tex"
("C:\Program Files\MiKTeX 2.9\tex\generic\xkeyval\xkvutils.tex"
\XKV@toks=\toks25
\XKV@tempa@toks=\toks26
)
\XKV@depth=\count158
File: xkeyval.tex 2014/12/03 v2.7a key=value parser (HA)
))
("C:\Program Files\MiKTeX 2.9\tex\latex\fmtcount\fcprefix.sty"
Package: fcprefix 2012/09/28

("C:\Program Files\MiKTeX 2.9\tex\latex\fmtcount\fcnumparser.sty"
Package: fcnumparser 2012/09/28
\fc@digit@counter=\count159
))
("C:\Program Files\MiKTeX 2.9\tex\latex\amsmath\amsgen.sty"
File: amsgen.sty 1999/11/30 v2.0 generic functions
\@emptytoks=\toks27
\ex@=\dimen146
)
\c@padzeroesN=\count160
\fc@tmpcatcode=\count161
\@DT@modctr=\count162
\@ordinalctr=\count163
\@orgargctr=\count164
\@strctr=\count165
\@tmpstrctr=\count166
\@DT@loopN=\count167
\@DT@X=\count168

("C:\Program Files\MiKTeX 2.9\tex\latex\fmtcount\fc-english.def"
File: fc-english.def 2013/08/17
))
("C:\Program Files\MiKTeX 2.9\tex\latex\datetime\datetime-defaults.sty"
Package: datetime-defaults 2013/09/10
)
\@day=\count169
\@month=\count170
\@year=\count171
\c@HOUR=\count172
\c@HOURXII=\count173
\c@MINUTE=\count174
\c@TOHOUR=\count175
\c@TOMINUTE=\count176
\c@SECOND=\count177
\currenthour=\count178
\currentminute=\count179
\currentsecond=\count180
Package datetime Info: No datetime.cfg file found, using default settings on input line 308.
\@dtctr=\count181
\dayofyear=\count182
\dayofweek=\count183
LaTeX Info: Redefining \today on input line 736.
\dt@a=\toks28
\dt@b=\toks29
)
("C:\Program Files\MiKTeX 2.9\tex\latex\datenumber\datenumber.sty"
Package: datenumber 2001/08/06v0.02

("C:\Program Files\MiKTeX 2.9\tex\latex\datenumber\datenumberUSenglish.ldf"
File: datenumberUSenglish.ldf 
)
\c@@dayscnt=\count184
\c@@startyear=\count185
\c@datenumber=\count186
\c@dateyear=\count187
\c@datemonth=\count188
\c@dateday=\count189
\c@datedayname=\count190
\@nom=\count191
\@den=\count192
)
("C:\Program Files\MiKTeX 2.9\tex\latex\base\textcomp.sty"
Package: textcomp 2005/09/27 v1.99g Standard LaTeX package
Package textcomp Info: Sub-encoding information:
(textcomp)               5 = only ISO-Adobe without \textcurrency
(textcomp)               4 = 5 + \texteuro
(textcomp)               3 = 4 + \textohm
(textcomp)               2 = 3 + \textestimated + \textcurrency
(textcomp)               1 = TS1 - \textcircled - \t
(textcomp)               0 = TS1 (full)
(textcomp)             Font families with sub-encoding setting implement
(textcomp)             only a restricted character set as indicated.
(textcomp)             Family '?' is the default used for unknown fonts.
(textcomp)             See the documentation for details.
Package textcomp Info: Setting ? sub-encoding to TS1/1 on input line 79.
 ("C:\Program Files\MiKTeX 2.9\tex\latex\base\ts1enc.def"
File: ts1enc.def 2001/06/05 v3.0e (jk/car/fm) Standard LaTeX file
)
LaTeX Info: Redefining \oldstylenums on input line 334.
Package textcomp Info: Setting cmr sub-encoding to TS1/0 on input line 349.
Package textcomp Info: Setting cmss sub-encoding to TS1/0 on input line 350.
Package textcomp Info: Setting cmtt sub-encoding to TS1/0 on input line 351.
Package textcomp Info: Setting cmvtt sub-encoding to TS1/0 on input line 352.
Package textcomp Info: Setting cmbr sub-encoding to TS1/0 on input line 353.
Package textcomp Info: Setting cmtl sub-encoding to TS1/0 on input line 354.
Package textcomp Info: Setting ccr sub-encoding to TS1/0 on input line 355.
Package textcomp Info: Setting ptm sub-encoding to TS1/4 on input line 356.
Package textcomp Info: Setting pcr sub-encoding to TS1/4 on input line 357.
Package textcomp Info: Setting phv sub-encoding to TS1/4 on input line 358.
Package textcomp Info: Setting ppl sub-encoding to TS1/3 on input line 359.
Package textcomp Info: Setting pag sub-encoding to TS1/4 on input line 360.
Package textcomp Info: Setting pbk sub-encoding to TS1/4 on input line 361.
Package textcomp Info: Setting pnc sub-encoding to TS1/4 on input line 362.
Package textcomp Info: Setting pzc sub-encoding to TS1/4 on input line 363.
Package textcomp Info: Setting bch sub-encoding to TS1/4 on input line 364.
Package textcomp Info: Setting put sub-encoding to TS1/5 on input line 365.
Package textcomp Info: Setting uag sub-encoding to TS1/5 on input line 366.
Package textcomp Info: Setting ugq sub-encoding to TS1/5 on input line 367.
Package textcomp Info: Setting ul8 sub-encoding to TS1/4 on input line 368.
Package textcomp Info: Setting ul9 sub-encoding to TS1/4 on input line 369.
Package textcomp Info: Setting augie sub-encoding to TS1/5 on input line 370.
Package textcomp Info: Setting dayrom sub-encoding to TS1/3 on input line 371.
Package textcomp Info: Setting dayroms sub-encoding to TS1/3 on input line 372.
Package textcomp Info: Setting pxr sub-encoding to TS1/0 on input line 373.
Package textcomp Info: Setting pxss sub-encoding to TS1/0 on input line 374.
Package textcomp Info: Setting pxtt sub-encoding to TS1/0 on input line 375.
Package textcomp Info: Setting txr sub-encoding to TS1/0 on input line 376.
Package textcomp Info: Setting txss sub-encoding to TS1/0 on input line 377.
Package textcomp Info: Setting txtt sub-encoding to TS1/0 on input line 378.
Package textcomp Info: Setting lmr sub-encoding to TS1/0 on input line 379.
Package textcomp Info: Setting lmdh sub-encoding to TS1/0 on input line 380.
Package textcomp Info: Setting lmss sub-encoding to TS1/0 on input line 381.
Package textcomp Info: Setting lmssq sub-encoding to TS1/0 on input line 382.
Package textcomp Info: Setting lmvtt sub-encoding to TS1/0 on input line 383.
Package textcomp Info: Setting lmtt sub-encoding to TS1/0 on input line 384.
Package textcomp Info: Setting qhv sub-encoding to TS1/0 on input line 385.
Package textcomp Info: Setting qag sub-encoding to TS1/0 on input line 386.
Package textcomp Info: Setting qbk sub-encoding to TS1/0 on input line 387.
Package textcomp Info: Setting qcr sub-encoding to TS1/0 on input line 388.
Package textcomp Info: Setting qcs sub-encoding to TS1/0 on input line 389.
Package textcomp Info: Setting qpl sub-encoding to TS1/0 on input line 390.
Package textcomp Info: Setting qtm sub-encoding to TS1/0 on input line 391.
Package textcomp Info: Setting qzc sub-encoding to TS1/0 on input line 392.
Package textcomp Info: Setting qhvc sub-encoding to TS1/0 on input line 393.
Package textcomp Info: Setting futs sub-encoding to TS1/4 on input line 394.
Package textcomp Info: Setting futx sub-encoding to TS1/4 on input line 395.
Package textcomp Info: Setting futj sub-encoding to TS1/4 on input line 396.
Package textcomp Info: Setting hlh sub-encoding to TS1/3 on input line 397.
Package textcomp Info: Setting hls sub-encoding to TS1/3 on input line 398.
Package textcomp Info: Setting hlst sub-encoding to TS1/3 on input line 399.
Package textcomp Info: Setting hlct sub-encoding to TS1/5 on input line 400.
Package textcomp Info: Setting hlx sub-encoding to TS1/5 on input line 401.
Package textcomp Info: Setting hlce sub-encoding to TS1/5 on input line 402.
Package textcomp Info: Setting hlcn sub-encoding to TS1/5 on input line 403.
Package textcomp Info: Setting hlcw sub-encoding to TS1/5 on input line 404.
Package textcomp Info: Setting hlcf sub-encoding to TS1/5 on input line 405.
Package textcomp Info: Setting pplx sub-encoding to TS1/3 on input line 406.
Package textcomp Info: Setting pplj sub-encoding to TS1/3 on input line 407.
Package textcomp Info: Setting ptmx sub-encoding to TS1/4 on input line 408.
Package textcomp Info: Setting ptmj sub-encoding to TS1/4 on input line 409.
)
("C:\Program Files\MiKTeX 2.9\tex\latex\oberdiek\grffile.sty"
Package: grffile 2016/05/16 v1.17 Extended file name support for graphics (HO)

("C:\Program Files\MiKTeX 2.9\tex\generic\oberdiek\ifpdf.sty"
Package: ifpdf 2016/05/14 v3.1 Provides the ifpdf switch
)
("C:\Program Files\MiKTeX 2.9\tex\latex\oberdiek\kvoptions.sty"
Package: kvoptions 2016/05/16 v3.12 Key value format for package options (HO)

("C:\Program Files\MiKTeX 2.9\tex\generic\oberdiek\kvsetkeys.sty"
Package: kvsetkeys 2016/05/16 v1.17 Key value parser (HO)

("C:\Program Files\MiKTeX 2.9\tex\generic\oberdiek\etexcmds.sty"
Package: etexcmds 2016/05/16 v1.6 Avoid name clashes with e-TeX commands (HO)
Package etexcmds Info: Could not find \expanded.
(etexcmds)             That can mean that you are not using pdfTeX 1.50 or
(etexcmds)             that some package has redefined \expanded.
(etexcmds)             In the latter case, load this package earlier.
)))
("C:\Program Files\MiKTeX 2.9\tex\generic\oberdiek\pdftexcmds.sty"
Package: pdftexcmds 2016/05/21 v0.22 Utility functions of pdfTeX for LuaTeX (HO)
Package pdftexcmds Info: LuaTeX not detected.
Package pdftexcmds Info: pdfTeX >= 1.30 not detected.
Package pdftexcmds Info: \pdf@primitive is available.
Package pdftexcmds Info: \pdf@ifprimitive is available.
Package pdftexcmds Info: \pdfdraftmode not found.
)
Package grffile Info: \Gread@QTm patched on input line 253.
Package grffile Info: \Gread@eps patched on input line 303.
Package grffile Info: Option `multidot' is set to `true'.
Package grffile Info: Option `extendedchars' is set to `false'.
Package grffile Info: Option `space' is set to `true'.
Package grffile Info: \Gin@ii of package `graphicx' fixed on input line 486.
)
("C:\Program Files\MiKTeX 2.9\tex\latex\caption\caption.sty"
Package: caption 2016/02/21 v3.3-144 Customizing captions (AR)
 ("C:\Program Files\MiKTeX 2.9\tex\latex\caption\caption3.sty"
Package: caption3 2016/05/22 v1.7-166 caption3 kernel (AR)
Package caption3 Info: TeX engine: e-TeX on input line 67.
\captionmargin=\dimen147
\captionmargin@=\dimen148
\captionwidth=\dimen149
\caption@tempdima=\dimen150
\caption@indent=\dimen151
\caption@parindent=\dimen152
\caption@hangindent=\dimen153
)
\c@ContinuedFloat=\count193
) ("C:\Program Files\MiKTeX 2.9\tex\latex\datatool\datatool.sty"
Package: datatool 2016/01/18 v2.25 (NLCT)
 ("C:\Program Files\MiKTeX 2.9\tex\latex\xfor\xfor.sty"
Package: xfor 2009/02/05 v1.05 (NLCT)
) ("C:\Program Files\MiKTeX 2.9\tex\latex\substr\substr.sty"
Package: substr 2009/10/20 v1.2 Handle substrings
\c@su@anzahl=\count194
)
("C:\Program Files\MiKTeX 2.9\tex\latex\datatool\datatool-base.sty"
Package: datatool-base 2016/01/18 v2.25 (NLCT)

("C:\Program Files\MiKTeX 2.9\tex\latex\amsmath\amsmath.sty"
Package: amsmath 2016/03/10 v2.15b AMS math features
\@mathmargin=\skip75

For additional information on amsmath, use the `?' option.
("C:\Program Files\MiKTeX 2.9\tex\latex\amsmath\amstext.sty"
Package: amstext 2000/06/29 v2.01 AMS text
) ("C:\Program Files\MiKTeX 2.9\tex\latex\amsmath\amsbsy.sty"
Package: amsbsy 1999/11/29 v1.2d Bold Symbols
\pmbraise@=\dimen154
) ("C:\Program Files\MiKTeX 2.9\tex\latex\amsmath\amsopn.sty"
Package: amsopn 2016/03/08 v2.02 operator names
)
\inf@bad=\count195
LaTeX Info: Redefining \frac on input line 199.
\uproot@=\count196
\leftroot@=\count197
LaTeX Info: Redefining \overline on input line 297.
\classnum@=\count198
\DOTSCASE@=\count199
LaTeX Info: Redefining \ldots on input line 394.
LaTeX Info: Redefining \dots on input line 397.
LaTeX Info: Redefining \cdots on input line 518.
\Mathstrutbox@=\box50
\strutbox@=\box51
\big@size=\dimen155
LaTeX Font Info:    Redeclaring font encoding OML on input line 634.
LaTeX Font Info:    Redeclaring font encoding OMS on input line 635.
\macc@depth=\count266
\c@MaxMatrixCols=\count267
\dotsspace@=\muskip16
\c@parentequation=\count268
\dspbrk@lvl=\count269
\tag@help=\toks30
\row@=\count270
\column@=\count271
\maxfields@=\count272
\andhelp@=\toks31
\eqnshift@=\dimen156
\alignsep@=\dimen157
\tagshift@=\dimen158
\tagwidth@=\dimen159
\totwidth@=\dimen160
\lineht@=\dimen161
\@envbody=\toks32
\multlinegap=\skip76
\multlinetaggap=\skip77
\mathdisplay@stack=\toks33
LaTeX Info: Redefining \[ on input line 2739.
LaTeX Info: Redefining \] on input line 2740.
)
("C:\Program Files\MiKTeX 2.9\tex\latex\datatool\datatool-fp.sty"
Package: datatool-fp 2016/01/18 v2.25 (NLCT)
 ("C:\Program Files\MiKTeX 2.9\tex\latex\fp\fp.sty"
Package: fp 1995/04/02

`Fixed Point Package', Version 0.8, April 2, 1995 (C) Michael Mehlich
("C:\Program Files\MiKTeX 2.9\tex\latex\fp\defpattern.sty"
Package: defpattern 1994/10/12
\actioncount=\count273
) ("C:\Program Files\MiKTeX 2.9\tex\latex\fp\fp-basic.sty"
Package: fp-basic 1996/05/13
\FP@xs=\count274
\FP@xia=\count275
\FP@xib=\count276
\FP@xfa=\count277
\FP@xfb=\count278
\FP@rega=\count279
\FP@regb=\count280
\FP@regs=\count281
\FP@times=\count282
)
("C:\Program Files\MiKTeX 2.9\tex\latex\fp\fp-addons.sty"
Package: fp-addons 1995/03/15
) ("C:\Program Files\MiKTeX 2.9\tex\latex\fp\fp-snap.sty"
Package: fp-snap 1995/04/05
)
("C:\Program Files\MiKTeX 2.9\tex\latex\fp\fp-exp.sty"
Package: fp-exp 1995/04/03
) ("C:\Program Files\MiKTeX 2.9\tex\latex\fp\fp-trigo.sty"
Package: fp-trigo 1995/04/14
)
("C:\Program Files\MiKTeX 2.9\tex\latex\fp\fp-pas.sty"
Package: fp-pas 1994/08/29
) ("C:\Program Files\MiKTeX 2.9\tex\latex\fp\fp-random.sty"
Package: fp-random 1995/02/23
\FPseed=\count283
)
("C:\Program Files\MiKTeX 2.9\tex\latex\fp\fp-eqn.sty"
Package: fp-eqn 1995/04/03
) ("C:\Program Files\MiKTeX 2.9\tex\latex\fp\fp-upn.sty"
Package: fp-upn 1996/10/21
)
("C:\Program Files\MiKTeX 2.9\tex\latex\fp\fp-eval.sty"
Package: fp-eval 1995/04/03
)))
\@dtl@toks=\toks34
\@dtl@tmpcount=\count284
\dtl@tmplength=\skip78
\dtl@sortresult=\count285
\@dtl@numgrpsepcount=\count286
\@dtl@datatype=\count287
\dtl@codeA=\count288
\dtl@codeB=\count289
\@dtl@foreach@level=\count290
)
\dtlcolumnnum=\count291
\dtlrownum=\count292
\@dtl@before=\toks35
\@dtl@after=\toks36
\@dtl@colhead=\toks37
\dtlcurrentrow=\toks38
\dtlbeforerow=\toks39
\dtlafterrow=\toks40
\dtlforeachlevel=\count293
\c@DTLrowi=\count294
\c@DTLrowii=\count295
\c@DTLrowiii=\count296
\c@DTLrow=\count297
\dtl@rowi=\count298
\dtl@rowii=\count299
\dtl@rowiii=\count300
\@dtl@curi=\toks41
\@dtl@previ=\toks42
\@dtl@nexti=\toks43
\@dtl@curii=\toks44
\@dtl@previi=\toks45
\@dtl@nextii=\toks46
\@dtl@curiii=\toks47
\@dtl@previii=\toks48
\@dtl@nextiii=\toks49
\@dtl@elements=\count301
\@dtl@list=\toks50
\@dtl@rowa=\toks51
\@dtl@rowb=\toks52
\@dtl@toksA=\toks53
\@dtl@toksB=\toks54
\@dtl@write=\write3
\@dtl@read=\read2
\dtl@entrycr=\count302
\dtl@omitlines=\count303
) ("C:\Program Files\MiKTeX 2.9\tex\latex\tools\tabularx.sty"
Package: tabularx 2016/02/03 v2.11 `tabularx' package (DPC)
("C:\Program Files\MiKTeX 2.9\tex\latex\tools\array.sty"
Package: array 2014/10/28 v2.4c Tabular extension package (FMi)
\col@sep=\dimen162
\extrarowheight=\dimen163
\NC@list=\toks55
\extratabsurround=\skip79
\backup@length=\skip80
)
\TX@col@width=\dimen164
\TX@old@table=\dimen165
\TX@old@col=\dimen166
\TX@target=\dimen167
\TX@delta=\dimen168
\TX@cols=\count304
\TX@ftn=\toks56
) ("C:\Program Files\MiKTeX 2.9\tex\latex\xcolor\xcolor.sty"
Package: xcolor 2016/05/11 v2.12 LaTeX color extensions (UK)

("C:\Program Files\MiKTeX 2.9\tex\latex\00miktex\color.cfg"
File: color.cfg 2016/01/02 v1.6 sample color configuration
)
Package xcolor Info: Package option `usenames' ignored on input line 216.
Package xcolor Info: Driver file: xetex.def on input line 225.

("C:\Program Files\MiKTeX 2.9\tex\latex\colortbl\colortbl.sty"
Package: colortbl 2012/02/13 v1.0a Color table columns (DPC)
\everycr=\toks57
\minrowclearance=\skip81
)
\rownum=\count305
Package xcolor Info: Model `cmy' substituted by `cmy0' on input line 1348.
Package xcolor Info: Model `RGB' extended on input line 1364.
Package xcolor Info: Model `HTML' substituted by `rgb' on input line 1366.
Package xcolor Info: Model `Hsb' substituted by `hsb' on input line 1367.
Package xcolor Info: Model `tHsb' substituted by `hsb' on input line 1368.
Package xcolor Info: Model `HSB' substituted by `hsb' on input line 1369.
Package xcolor Info: Model `Gray' substituted by `gray' on input line 1370.
Package xcolor Info: Model `wave' substituted by `hsb' on input line 1371.

("C:\Program Files\MiKTeX 2.9\tex\latex\graphics\dvipsnam.def"
File: dvipsnam.def 2016/06/17 v3.0m Driver-dependent file (DPC,SPQR)
)) ("C:\Program Files\MiKTeX 2.9\tex\latex\soul\soul.sty"
Package: soul 2003/11/17 v2.4 letterspacing/underlining (mf)
\SOUL@word=\toks58
\SOUL@lasttoken=\toks59
\SOUL@cmds=\toks60
\SOUL@buffer=\toks61
\SOUL@token=\toks62
\SOUL@spaceskip=\skip82
\SOUL@ttwidth=\dimen169
\SOUL@uldp=\dimen170
\SOUL@ulht=\dimen171
) ("C:\Program Files\MiKTeX 2.9\tex\latex\ms\ragged2e.sty"
Package: ragged2e 2009/05/21 v2.1 ragged2e Package (MS)
 ("C:\Program Files\MiKTeX 2.9\tex\latex\ms\everysel.sty"
Package: everysel 2011/10/28 v1.2 EverySelectfont Package (MS)
)
\CenteringLeftskip=\skip83
\RaggedLeftLeftskip=\skip84
\RaggedRightLeftskip=\skip85
\CenteringRightskip=\skip86
\RaggedLeftRightskip=\skip87
\RaggedRightRightskip=\skip88
\CenteringParfillskip=\skip89
\RaggedLeftParfillskip=\skip90
\RaggedRightParfillskip=\skip91
\JustifyingParfillskip=\skip92
\CenteringParindent=\skip93
\RaggedLeftParindent=\skip94
\RaggedRightParindent=\skip95
\JustifyingParindent=\skip96
)
("C:\Program Files\MiKTeX 2.9\tex\latex\ltxmisc\parskip.sty"
Package: parskip 2001/04/09 non-zero parskip adjustments
)
("C:\Program Files\MiKTeX 2.9\tex\latex\hyperref\hyperref.sty"
Package: hyperref 2016/05/21 v6.83p Hypertext links for LaTeX

("C:\Program Files\MiKTeX 2.9\tex\generic\oberdiek\hobsub-hyperref.sty"
Package: hobsub-hyperref 2016/05/16 v1.14 Bundle oberdiek, subset hyperref (HO)

("C:\Program Files\MiKTeX 2.9\tex\generic\oberdiek\hobsub-generic.sty"
Package: hobsub-generic 2016/05/16 v1.14 Bundle oberdiek, subset generic (HO)
Package: hobsub 2016/05/16 v1.14 Construct package bundles (HO)
Package hobsub Info: Skipping package `infwarerr' (already loaded).
Package hobsub Info: Skipping package `ltxcmds' (already loaded).
Package hobsub Info: Skipping package `ifluatex' (already loaded).
Package: ifvtex 2016/05/16 v1.6 Detect VTeX and its facilities (HO)
Package ifvtex Info: VTeX not detected.
Package: intcalc 2016/05/16 v1.2 Expandable calculations with integers (HO)
Package hobsub Info: Skipping package `ifpdf' (already loaded).
Package hobsub Info: Skipping package `etexcmds' (already loaded).
Package hobsub Info: Skipping package `kvsetkeys' (already loaded).
Package: kvdefinekeys 2016/05/16 v1.4 Define keys (HO)
Package hobsub Info: Skipping package `pdftexcmds' (already loaded).
Package: pdfescape 2016/05/16 v1.14 Implements pdfTeX's escape features (HO)
Package: bigintcalc 2016/05/16 v1.4 Expandable calculations on big integers (HO)
Package: bitset 2016/05/16 v1.2 Handle bit-vector datatype (HO)
Package: uniquecounter 2016/05/16 v1.3 Provide unlimited unique counter (HO)
)
Package hobsub Info: Skipping package `hobsub' (already loaded).
Package: letltxmacro 2016/05/16 v1.5 Let assignment for LaTeX macros (HO)
Package: hopatch 2016/05/16 v1.3 Wrapper for package hooks (HO)
Package: xcolor-patch 2016/05/16 xcolor patch
Package: atveryend 2016/05/16 v1.9 Hooks at the very end of document (HO)
Package: atbegshi 2016/06/09 v1.18 At begin shipout hook (HO)
Package: refcount 2016/05/16 v3.5 Data extraction from label references (HO)
Package: hycolor 2016/05/16 v1.8 Color options for hyperref/bookmark (HO)
)
("C:\Program Files\MiKTeX 2.9\tex\latex\oberdiek\auxhook.sty"
Package: auxhook 2016/05/16 v1.4 Hooks for auxiliary files (HO)
)
\@linkdim=\dimen172
\Hy@linkcounter=\count306
\Hy@pagecounter=\count307

("C:\Program Files\MiKTeX 2.9\tex\latex\hyperref\pd1enc.def"
File: pd1enc.def 2016/05/21 v6.83p Hyperref: PDFDocEncoding definition (HO)
)
\Hy@SavedSpaceFactor=\count308

("C:\Program Files\MiKTeX 2.9\tex\latex\00miktex\hyperref.cfg"
File: hyperref.cfg 2002/06/06 v1.2 hyperref configuration of TeXLive
)
Package hyperref Info: Option `breaklinks' set `true' on input line 4362.
Package hyperref Info: Option `bookmarks' set `false' on input line 4362.
Package hyperref Info: Option `colorlinks' set `true' on input line 4362.
Package hyperref Info: Hyper figures OFF on input line 4486.
Package hyperref Info: Link nesting OFF on input line 4491.
Package hyperref Info: Hyper index ON on input line 4494.
Package hyperref Info: Plain pages OFF on input line 4501.
Package hyperref Info: Backreferencing OFF on input line 4506.
Package hyperref Info: Implicit mode ON; LaTeX internals redefined.
Package hyperref Info: Bookmarks OFF on input line 4741.
\c@Hy@tempcnt=\count309
 ("C:\Program Files\MiKTeX 2.9\tex\latex\url\url.sty"
\Urlmuskip=\muskip17
Package: url 2013/09/16  ver 3.4  Verb mode for urls, etc.
)
LaTeX Info: Redefining \url on input line 5088.
\XeTeXLinkMargin=\dimen173
\Fld@menulength=\count310
\Field@Width=\dimen174
\Fld@charsize=\dimen175
Package hyperref Info: Hyper figures OFF on input line 6342.
Package hyperref Info: Link nesting OFF on input line 6347.
Package hyperref Info: Hyper index ON on input line 6350.
Package hyperref Info: backreferencing OFF on input line 6357.
Package hyperref Info: Link coloring ON on input line 6360.
Package hyperref Info: Link coloring with OCG OFF on input line 6367.
Package hyperref Info: PDF/A mode OFF on input line 6372.
LaTeX Info: Redefining \ref on input line 6412.
LaTeX Info: Redefining \pageref on input line 6416.
\Hy@abspage=\count311
\c@Item=\count312
\c@Hfootnote=\count313
)

Package hyperref Message: Driver (autodetected): hxetex.

("C:\Program Files\MiKTeX 2.9\tex\latex\hyperref\hxetex.def"
File: hxetex.def 2016/05/21 v6.83p Hyperref driver for XeTeX
 ("C:\Program Files\MiKTeX 2.9\tex\latex\hyperref\puenc.def"
File: puenc.def 2016/05/21 v6.83p Hyperref: PDF Unicode definition (HO)
) ("C:\Program Files\MiKTeX 2.9\tex\generic\oberdiek\stringenc.sty"
Package: stringenc 2016/05/16 v1.11 Convert strings between diff. encodings (HO)
)
\pdfm@box=\box52
\c@Hy@AnnotLevel=\count314
\HyField@AnnotCount=\count315
\Fld@listcount=\count316
\c@bookmark@seq@number=\count317

("C:\Program Files\MiKTeX 2.9\tex\latex\oberdiek\rerunfilecheck.sty"
Package: rerunfilecheck 2016/05/16 v1.8 Rerun checks for auxiliary files (HO)
Package rerunfilecheck Info: Feature \pdfmdfivesum is not available
(rerunfilecheck)             (e.g. pdfTeX or LuaTeX with package `pdftexcmds').
(rerunfilecheck)             Therefore file contents cannot be checked efficiently
(rerunfilecheck)             and the loading of the package is aborted.
)
\Hy@SectionHShift=\skip97
)
Package hyperref Info: Option `colorlinks' set `true' on input line 103.

("C:\Program Files\MiKTeX 2.9\tex\latex\geometry\geometry.sty"
Package: geometry 2010/09/12 v5.6 Page Geometry
\Gm@cnth=\count318
\Gm@cntv=\count319
\c@Gm@tempcnt=\count320
\Gm@bindingoffset=\dimen176
\Gm@wd@mp=\dimen177
\Gm@odd@mp=\dimen178
\Gm@even@mp=\dimen179
\Gm@layoutwidth=\dimen180
\Gm@layoutheight=\dimen181
\Gm@layouthoffset=\dimen182
\Gm@layoutvoffset=\dimen183
\Gm@dimlist=\toks63

("C:\Program Files\MiKTeX 2.9\tex\xelatex\xetexconfig\geometry.cfg"))
("C:\Program Files\MiKTeX 2.9\tex\latex\base\fix-cm.sty"
Package: fix-cm 2015/01/14 v1.1t fixes to LaTeX
 ("C:\Program Files\MiKTeX 2.9\tex\latex\base\ts1enc.def"
File: ts1enc.def 2001/06/05 v3.0e (jk/car/fm) Standard LaTeX file
LaTeX Font Info:    Redeclaring font encoding TS1 on input line 47.
))
("C:\Program Files\MiKTeX 2.9\tex\latex\vwcol\vwcol.sty"
Package: vwcol 2008/06/24 v0.1 Variable-width multicolumn text
 ("C:\Program Files\MiKTeX 2.9\tex\latex\tools\calc.sty"
Package: calc 2014/10/28 v4.3 Infix arithmetic (KKT,FJ)
\calc@Acount=\count321
\calc@Bcount=\count322
\calc@Adimen=\dimen184
\calc@Bdimen=\dimen185
\calc@Askip=\skip98
\calc@Bskip=\skip99
LaTeX Info: Redefining \setlength on input line 80.
LaTeX Info: Redefining \addtolength on input line 81.
\calc@Ccount=\count323
\calc@Cskip=\skip100
)
("C:\Program Files\MiKTeX 2.9\tex\latex\environ\environ.sty"
Package: environ 2014/05/04 v0.3 A new way to define environments

("C:\Program Files\MiKTeX 2.9\tex\latex\trimspaces\trimspaces.sty"
Package: trimspaces 2009/09/17 v1.1 Trim spaces around a token list
))
\vwcol@sep=\skip101
\vwcol@rule=\skip102
\vwcol@totalwidth=\skip103
\vwcol@averagewidth=\skip104
\vwcol@parindent=\skip105
\vwcol@last=\count324
\vwcol@Ncols=\count325
\vwcol@Nlines=\count326
\vwcol@maxrecursion=\count327
\vwcol@box=\box53
\vwcol@plainbox=\box54
\vwcol@outputbox=\box55
)
("C:\Program Files\MiKTeX 2.9\tex\latex\tools\enumerate.sty"
Package: enumerate 2015/07/23 v3.00 enumerate extensions (DPC)
\@enLab=\toks64
)
("C:\Program Files\MiKTeX 2.9\tex\latex\l3packages\xfrac\xfrac.sty"
("C:\Program Files\MiKTeX 2.9\tex\latex\l3packages\l3keys2e\l3keys2e.sty"
Package: l3keys2e 2016/05/18 v6512 LaTeX2e option processing using LaTeX3 keys
)
("C:\Program Files\MiKTeX 2.9\tex\latex\l3packages\xtemplate\xtemplate.sty"
Package: xtemplate 2016/05/18 v6512 L3 Experimental prototype document functions
\l__xtemplate_tmp_dim=\dimen186
\l__xtemplate_tmp_int=\count328
\l__xtemplate_tmp_muskip=\muskip18
\l__xtemplate_tmp_skip=\skip106
)
Package: xfrac 2016/05/18 v6512 L3 Experimental split-level fractions
\l__xfrac_slash_box=\box56
\l__xfrac_tmp_box=\box57
\l__xfrac_denominator_bot_sep_dim=\dimen187
\l__xfrac_numerator_bot_sep_dim=\dimen188
\l__xfrac_numerator_top_sep_dim=\dimen189
\l__xfrac_slash_left_sep_dim=\dimen190
\l__xfrac_slash_right_sep_dim=\dimen191
\l__xfrac_slash_left_muskip=\muskip19
\l__xfrac_slash_right_muskip=\muskip20
.................................................
. xtemplate info: "declare-object-type"
. 
. Declaring object type 'xfrac' taking 3 argument(s) on line 111.
.................................................
.................................................
. LaTeX info: "xparse/define-command"
. 
. Defining command \sfrac with sig. 'omom' on line 451.
.................................................
)
("C:\Program Files\MiKTeX 2.9\tex\latex\jknappen\mathrsfs.sty"
Package: mathrsfs 1996/01/01 Math RSFS package v1.0 (jk)
\symrsfs=\mathgroup4
)
("C:\Program Files\MiKTeX 2.9\tex\latex\mathtools\mathtools.sty"
Package: mathtools 2015/11/12 v1.18 mathematical typesetting tools

("C:\Program Files\MiKTeX 2.9\tex\latex\mathtools\mhsetup.sty"
Package: mhsetup 2010/01/21 v1.2a programming setup (MH)
)
LaTeX Info: Thecontrolsequence`\('isalreadyrobust on input line 129.
LaTeX Info: Thecontrolsequence`\)'isalreadyrobust on input line 129.
LaTeX Info: Thecontrolsequence`\['isalreadyrobust on input line 129.
LaTeX Info: Thecontrolsequence`\]'isalreadyrobust on input line 129.
\g_MT_multlinerow_int=\count329
\l_MT_multwidth_dim=\dimen192
\origjot=\skip107
\l_MT_shortvdotswithinadjustabove_dim=\dimen193
\l_MT_shortvdotswithinadjustbelow_dim=\dimen194
\l_MT_above_intertext_sep=\dimen195
\l_MT_below_intertext_sep=\dimen196
\l_MT_above_shortintertext_sep=\dimen197
\l_MT_below_shortintertext_sep=\dimen198
)
("C:\Program Files\MiKTeX 2.9\tex\latex\mhchem\mhchem.sty"
Package: mhchem 2016/08/07 v4.05 for typesetting chemical formulae

("C:\Program Files\MiKTeX 2.9\tex\latex\l3experimental\l3str\l3regex.sty"
Package: l3regex 2016/05/14 v6492 L3 Experimental regular expressions

("C:\Program Files\MiKTeX 2.9\tex\latex\l3experimental\l3str\l3tl-build.sty"
Package: l3tl-build 2016/05/14 v6492 L3 Experimental token list construction
\l__tl_build_start_index_int=\count330
\l__tl_build_index_int=\count331
)
("C:\Program Files\MiKTeX 2.9\tex\latex\l3experimental\l3str\l3tl-analysis.sty"
Package: l3tl-analysis 2016/03/24 v6443 L3 Experimental token lists analysis
\l__tl_analysis_normal_int=\count332
\l__tl_analysis_index_int=\count333
\l__tl_analysis_nesting_int=\count334
\l__tl_analysis_type_int=\count335
)
("C:\Program Files\MiKTeX 2.9\tex\latex\l3experimental\l3str\l3flag.sty"
Package: l3flag 2016/05/14 v6492 L3 Experimental flags
)
("C:\Program Files\MiKTeX 2.9\tex\latex\l3experimental\l3str\l3str-convert.sty"
Package: l3str-convert 2016/03/24 v6443 L3 Experimental string encoding conversions
\l__str_internal_int=\count336
)
\l__regex_internal_a_int=\count337
\l__regex_internal_b_int=\count338
\l__regex_internal_c_int=\count339
\l__regex_balance_int=\count340
\l__regex_group_level_int=\count341
\l__regex_mode_int=\count342
\l__regex_catcodes_int=\count343
\l__regex_default_catcodes_int=\count344
\c__regex_catcode_L_int=\count345
\c__regex_catcode_O_int=\count346
\c__regex_catcode_A_int=\count347
\c__regex_all_catcodes_int=\count348
\l__regex_show_lines_int=\count349
\l__regex_min_state_int=\count350
\l__regex_max_state_int=\count351
\l__regex_left_state_int=\count352
\l__regex_right_state_int=\count353
\l__regex_capturing_group_int=\count354
\l__regex_min_pos_int=\count355
\l__regex_max_pos_int=\count356
\l__regex_current_pos_int=\count357
\l__regex_start_pos_int=\count358
\l__regex_success_pos_int=\count359
\l__regex_current_char_int=\count360
\l__regex_current_catcode_int=\count361
\l__regex_last_char_int=\count362
\l__regex_case_changed_char_int=\count363
\l__regex_current_state_int=\count364
\l__regex_step_int=\count365
\l__regex_min_active_int=\count366
\l__regex_max_active_int=\count367
\l__regex_replacement_csnames_int=\count368
\l__regex_match_count_int=\count369
\l__regex_submatch_int=\count370
\l__regex_zeroth_submatch_int=\count371
)
("C:\Program Files\MiKTeX 2.9\tex\latex\chemgreek\chemgreek.sty"
Package: chemgreek 2016/02/10 v1.0e interfaceforuprightgreeklettersforuseinchemistry (CN)
\l__chemgreek_tmpa_int=\count372
\g__chemgreek_tmpa_int=\count373
.................................................
. LaTeX info: "xparse/define-command"
. 
. Defining command \newchemgreekmapping with sig. 'O{}mm' on line 336.
.................................................
.................................................
. LaTeX info: "xparse/define-command"
. 
. Defining command \renewchemgreekmapping with sig. 'O{}mm' on line 339.
.................................................
.................................................
. LaTeX info: "xparse/define-command"
. 
. Defining command \declarechemgreekmapping with sig. 'O{}mm' on line 342.
.................................................
.................................................
. LaTeX info: "xparse/define-command"
. 
. Defining command \newchemgreekmappingalias with sig. 'mm' on line 347.
.................................................
.................................................
. LaTeX info: "xparse/define-command"
. 
. Defining command \renewchemgreekmappingalias with sig. 'mm' on line 350.
.................................................
.................................................
. LaTeX info: "xparse/define-command"
. 
. Defining command \declarechemgreekmappingalias with sig. 'mm' on line 353.
.................................................
.................................................
. LaTeX info: "xparse/define-command"
. 
. Defining command \changechemgreeksymbol with sig. 'mmmm' on line 383.
.................................................
.................................................
. LaTeX info: "xparse/define-command"
. 
. Defining command \chemgreekmappingsymbol with sig. 'mm' on line 477.
.................................................
.................................................
. LaTeX info: "xparse/define-command"
. 
. Defining command \activatechemgreekmapping with sig. 'sm' on line 486.
.................................................
.................................................
. LaTeX info: "xparse/define-command"
. 
. Defining command \selectchemgreekmapping with sig. 'm' on line 491.
.................................................
)
\l__mhchem_ce_distanceFromLastComma_int=\count374
\__mhchem_arrow_extPgfLength_skip=\skip108
\mhchem@minispace@tmp=\skip109
\mhchem@minibackspace@tmp=\skip110
\mhchem@bondwidth=\skip111
\mhchem@bondheight=\skip112
\mhchem@smallbondwidth@tmpA=\skip113
\mhchem@smallbondwidth@tmpB=\skip114
\mhchem@smallbondwidth=\skip115
\mhchem@bondtmp@minussidebearingleft=\skip116
\mhchem@bondtmp@minussidebearingright=\skip117
\l__mhchem_option_version_int=\count375
\mhchem@option@minusmathsidebearingleft=\dimen199
\mhchem@option@minusmathsidebearingright=\dimen256
\mhchem@option@minustextsidebearingleft=\dimen257
\mhchem@option@minustextsidebearingright=\dimen258
)
("C:\Program Files\MiKTeX 2.9\tex\latex\amsfonts\amssymb.sty"
Package: amssymb 2013/01/14 v3.01 AMS font symbols

("C:\Program Files\MiKTeX 2.9\tex\latex\amsfonts\amsfonts.sty"
Package: amsfonts 2013/01/14 v3.01 Basic AMSFonts support
\symAMSa=\mathgroup5
\symAMSb=\mathgroup6
LaTeX Font Info:    Overwriting math alphabet `\mathfrak' in version `bold'
(Font)                  U/euf/m/n --> U/euf/b/n on input line 106.
))
("C:\Program Files\MiKTeX 2.9\tex\latex\arydshln\arydshln.sty"
Package: arydshln 2016/04/28 v1.73 
\dashlinedash=\dimen259
\dashlinegap=\dimen260
\adl@box=\box58
\adl@height=\dimen261
\adl@heightsave=\dimen262
\adl@depth=\dimen263
\adl@depthsave=\dimen264
\adl@finaldepth=\dimen265
\adl@columns=\count376
\adl@ncol=\count377
\adl@currentcolumn=\count378
\adl@currentcolumnsave=\count379
\adl@totalheight=\count380
\adl@totalheightsave=\count381
\adl@dash=\count382
\adl@gap=\count383
\adl@cla=\count384
\adl@clb=\count385
\adl@everyvbox=\toks65
\adl@LTpagetotal=\dimen266
) ("C:\Program Files\MiKTeX 2.9\tex\latex\cancel\cancel.sty"
Package: cancel 2013/04/12 v2.2 Cancel math terms
) ("C:\Program Files\MiKTeX 2.9\tex\latex\was\upgreek.sty"
Package: upgreek 2003/02/12 v2.0 (WaS)
Package upgreek Info: Using Euler Roman for upright Greek on input line 31.
\symugrf@m=\mathgroup7
LaTeX Font Info:    Overwriting symbol font `ugrf@m' in version `bold'
(Font)                  U/eur/m/n --> U/eur/b/n on input line 38.
) ("C:\Program Files\MiKTeX 2.9\tex\latex\pbox\pbox.sty"
Package: pbox 2011/12/07 v1.2 Dynamic parboxes
\pb@xlen=\skip118
)
("C:\Program Files\MiKTeX 2.9\tex\latex\needspace\needspace.sty"
Package: needspace 2010/09/12 v1.3d reserve vertical space
) ("C:\Program Files\MiKTeX 2.9\tex\latex\units\units.sty"
Package: units 1998/08/04 v0.9b Typesetting units
 ("C:\Program Files\MiKTeX 2.9\tex\latex\units\nicefrac.sty"
Package: nicefrac 1998/08/04 v0.9b Nice fractions
\L@UnitsRaiseDisplaystyle=\skip119
\L@UnitsRaiseTextstyle=\skip120
\L@UnitsRaiseScriptstyle=\skip121
))
("C:\Program Files\MiKTeX 2.9\tex\latex\unicode-math\unicode-math.sty"
Package: unicode-math 2015/09/24 v0.8c Unicode maths in XeLaTeX and LuaLaTeX

("C:\Program Files\MiKTeX 2.9\tex\latex\ucharcat\ucharcat.sty"
Package: ucharcat 2015/11/19 v0.03 ucharcat for luaLaTeX (DPC)
)
("C:\Program Files\MiKTeX 2.9\tex\latex\filehook\filehook.sty"
Package: filehook 2011/10/12 v0.5d Hooks for input files
)
\g__um_fam_int=\count386
\g__um_primekern_muskip=\muskip21
\l__um_primecount_int=\count387
.................................................
. LaTeX info: "xparse/define-command"
. 
. Defining command \unimathsetup with sig. 'm' on line 168.
.................................................

("C:\Program Files\MiKTeX 2.9\tex\latex\unicode-math\unicode-math-xetex.sty"
.................................................
. LaTeX info: "xparse/define-command"
. 
. Defining command \setmathfontface with sig. 'mO{}mO{}' on line 165.
.................................................
.................................................
. LaTeX info: "xparse/define-command"
. 
. Defining command \setoperatorfont with sig. 'm' on line 169.
.................................................
.................................................
. LaTeX info: "xparse/define-command"
. 
. Defining command \setmathfont with sig. 'O{}mO{}' on line 278.
.................................................
.................................................
. LaTeX info: "xparse/define-command"
. 
. Defining command \addnolimits with sig. 'm' on line 520.
.................................................
.................................................
. LaTeX info: "xparse/define-command"
. 
. Defining command \removenolimits with sig. 'm' on line 524.
.................................................

("C:\Program Files\MiKTeX 2.9\tex\latex\unicode-math\unicode-math-table.tex")
.................................................
. unicode-math info: "patch-macro"
. 
. I'm going to patch macro \subarray.
.................................................
.................................................
. unicode-math info: "patch-macro"
. 
. I'm going to patch macro \r@@t.
.................................................
\g__um_empty_fam=\mathgroup8
.................................................
. unicode-math info: "patch-macro"
. 
. I'm going to patch macro \MT_cramped_internal:Nn.
.................................................
.................................................
. LaTeX info: "xparse/define-command"
. 
. Defining command \dblcolon with sig. '' on line 2126.
.................................................
.................................................
. LaTeX info: "xparse/define-command"
. 
. Defining command \coloneqq with sig. '' on line 2126.
.................................................
.................................................
. LaTeX info: "xparse/define-command"
. 
. Defining command \Coloneqq with sig. '' on line 2126.
.................................................
.................................................
. LaTeX info: "xparse/define-command"
. 
. Defining command \eqqcolon with sig. '' on line 2126.
.................................................
))
("C:\Program Files\MiKTeX 2.9\tex\latex\adforn\adforn.sty"
Package: adforn 2010/07/25 v1.0 adforn CFR
 ("C:\Program Files\MiKTeX 2.9\tex\latex\psnfss\pifont.sty"
Package: pifont 2005/04/12 PSNFSS-v9.2a Pi font support (SPQR) 
LaTeX Font Info:    Try loading font information for U+pzd on input line 63.

("C:\Program Files\MiKTeX 2.9\tex\latex\psnfss\upzd.fd"
File: upzd.fd 2001/06/04 font definitions for U/pzd.
)
LaTeX Font Info:    Try loading font information for U+psy on input line 64.
 ("C:\Program Files\MiKTeX 2.9\tex\latex\psnfss\upsy.fd"
File: upsy.fd 2001/06/04 font definitions for U/psy.
))
LaTeX Font Info:    Try loading font information for U+OrnementsADF on input line 4.

("C:\Program Files\MiKTeX 2.9\tex\latex\adforn\uornementsadf.fd"))
("C:\Program Files\MiKTeX 2.9\tex\latex\adjustbox\adjustbox.sty"
Package: adjustbox 2012/05/21 v1.0 Adjusting TeX boxes (trim, clip, ...)

("C:\Program Files\MiKTeX 2.9\tex\latex\adjustbox\adjcalc.sty"
Package: adjcalc 2012/05/16 v1.1 Provides advanced setlength with multiple back-ends (calc, etex, pgfmath)
)
("C:\Program Files\MiKTeX 2.9\tex\latex\adjustbox\trimclip.sty"
Package: trimclip 2012/05/16 v1.0 Trim and clip general TeX material

("C:\Program Files\MiKTeX 2.9\tex\latex\collectbox\collectbox.sty"
Package: collectbox 2012/05/17 v0.4b Collect macro arguments as boxes
\collectedbox=\box59
)
\tc@llx=\dimen267
\tc@lly=\dimen268
\tc@urx=\dimen269
\tc@ury=\dimen270
Package trimclip Info: Using driver 'tc-xetex.def'.

("C:\Program Files\MiKTeX 2.9\tex\latex\adjustbox\tc-xetex.def"
File: tc-xetex.def 2012/05/13 v1.0 Clipping driver for xetex
))
\adjbox@Width=\dimen271
\adjbox@Height=\dimen272
\adjbox@Depth=\dimen273
\adjbox@Totalheight=\dimen274

("C:\Program Files\MiKTeX 2.9\tex\latex\ifoddpage\ifoddpage.sty"
Package: ifoddpage 2016/04/23 v1.1 Conditionals for odd/even page detection
\c@checkoddpage=\count388
)
("C:\Program Files\MiKTeX 2.9\tex\latex\ltxmisc\varwidth.sty"
Package: varwidth 2009/03/30 ver 0.92;  Variable-width minipages
\@vwid@box=\box60
\sift@deathcycles=\count389
\@vwid@loff=\dimen275
\@vwid@roff=\dimen276
))
("C:\Program Files\MiKTeX 2.9\tex\latex\pdfpages\pdfpages.sty"
Package: pdfpages 2016/04/19 v0.5f Insert pages of external PDF documents (AM)

("C:\Program Files\MiKTeX 2.9\tex\latex\eso-pic\eso-pic.sty"
Package: eso-pic 2015/07/21 v2.0g eso-pic (RN)
)
\AM@pagewidth=\dimen277
\AM@pageheight=\dimen278

("C:\Program Files\MiKTeX 2.9\tex\latex\pdfpages\ppxetex.def"
File: ppxetex.def 2016/04/19 v0.5f Pdfpages driver for XeTeX (AM)
)
\AM@pagebox=\box61
\AM@global@opts=\toks66
\AM@toc@title=\toks67
\c@AM@survey=\count390
\AM@templatesizebox=\box62
) ("C:\Program Files\MiKTeX 2.9\tex\latex\float\float.sty"
Package: float 2001/11/08 v1.3d Float enhancements (AL)
\c@float@type=\count391
\float@exts=\toks68
\float@box=\box63
\@float@everytoks=\toks69
\@floatcapt=\box64
) ("C:\Program Files\MiKTeX 2.9\tex\latex\wrapfig\wrapfig.sty"
\wrapoverhang=\dimen279
\WF@size=\dimen280
\c@WF@wrappedlines=\count392
\WF@box=\box65
\WF@everypar=\toks70
Package: wrapfig 2003/01/31  v 3.6
)
("C:\Program Files\MiKTeX 2.9\tex\latex\multirow\multirow.sty"
\bigstrutjot=\dimen281
)
("C:\Program Files\MiKTeX 2.9\tex\latex\tools\multicol.sty"
Package: multicol 2016/04/07 v1.8p multicolumn formatting (FMi)
\c@tracingmulticols=\count393
\mult@box=\box66
\multicol@leftmargin=\dimen282
\c@unbalance=\count394
\c@collectmore=\count395
\doublecol@number=\count396
\multicoltolerance=\count397
\multicolpretolerance=\count398
\full@width=\dimen283
\page@free=\dimen284
\premulticols=\dimen285
\postmulticols=\dimen286
\multicolsep=\skip122
\multicolbaselineskip=\skip123
\partial@page=\box67
\last@line=\box68
\maxbalancingoverflow=\dimen287
\mult@rightbox=\box69
\mult@grightbox=\box70
\mult@gfirstbox=\box71
\mult@firstbox=\box72
\@tempa=\box73
\@tempa=\box74
\@tempa=\box75
\@tempa=\box76
\@tempa=\box77
\@tempa=\box78
\@tempa=\box79
\@tempa=\box80
\@tempa=\box81
\@tempa=\box82
\@tempa=\box83
\@tempa=\box84
\@tempa=\box85
\@tempa=\box86
\@tempa=\box87
\@tempa=\box88
\@tempa=\box89
\c@columnbadness=\count399
\c@finalcolumnbadness=\count400
\last@try=\dimen288
\multicolovershoot=\dimen289
\multicolundershoot=\dimen290
\mult@nat@firstbox=\box90
\colbreak@box=\box91
\mc@col@check@num=\count401
)
("C:\Program Files\MiKTeX 2.9\tex\latex\booktabs\booktabs.sty"
Package: booktabs 2005/04/14 v1.61803 publication quality tables
\heavyrulewidth=\dimen291
\lightrulewidth=\dimen292
\cmidrulewidth=\dimen293
\belowrulesep=\dimen294
\belowbottomsep=\dimen295
\aboverulesep=\dimen296
\abovetopsep=\dimen297
\cmidrulesep=\dimen298
\cmidrulekern=\dimen299
\defaultaddspace=\dimen300
\@cmidla=\count402
\@cmidlb=\count403
\@aboverulesep=\dimen301
\@belowrulesep=\dimen302
\@thisruleclass=\count404
\@lastruleclass=\count405
\@thisrulewidth=\dimen303
)
("C:\Program Files\MiKTeX 2.9\tex\latex\marginnote\marginnote.sty"
Package: marginnote 2016/06/02 v1.2 non floating margin notes for LaTeX
\c@mn@abspage=\count406
)
("C:\Program Files\MiKTeX 2.9\tex\latex\setspace\setspace.sty"
Package: setspace 2011/12/19 v6.7a set line spacing
)
("C:\Program Files\MiKTeX 2.9\tex\latex\mdwtools\mdwlist.sty"
Package: mdwlist 1996/05/02 1.1 Various list-related things
)
("C:\Program Files\MiKTeX 2.9\tex\latex\sidecap\sidecap.sty"
Package: sidecap 2003/06/06 v1.6f SideCap Package (RN/HjG)
\SC@BOXWD=\dimen304
\SC@CAPWD=\dimen305
\SC@tempdima=\dimen306
\SC@tempdimb=\dimen307
\c@SC@C=\count407
\SC@BOX=\box92
)
("C:\Program Files\MiKTeX 2.9\tex\latex\verbatimbox\verbatimbox.sty"
Package: verbatimbox 2014/03/12 v3.13 Routines for placing verbatim text into boxes, useful in places where the verbatim
 environment is inaccessible. Secondarily, for adding vertical buffer around an object.

("C:\Program Files\MiKTeX 2.9\tex\latex\tools\verbatim.sty"
Package: verbatim 2014/10/28 v1.5q LaTeX2e package for verbatim enhancements
\every@verbatim=\toks71
\verbatim@line=\toks72
\verbatim@in@stream=\read3
)
("C:\Program Files\MiKTeX 2.9\tex\latex\readarray\readarray.sty"
Package: readarray 2013/05/09 v1.2 Routines for inputting array data and recalling it on an element-by-element basis. Cu
rrently supports 2-D and 3-D array

("C:\Program Files\MiKTeX 2.9\tex\latex\ifnextok\ifnextok.sty"
Package: ifnextok 2011/06/27 v0.3 test next token (UL)
)
\c@@index=\count408
\c@@plane=\count409
\c@@row=\count410
\c@@col=\count411
\c@use@args=\count412
\c@@record=\count413
\c@arg@index=\count414
\c@break@count=\count415
)
\savedverbbox=\box93
\c@VerbboxLineNo=\count416
\boxtopsep=\dimen308
\boxbottomsep=\dimen309
\ps@tempdima=\dimen310
\ps@tempboxa=\box94
\boxtop@sep=\skip124
\boxbottom@sep=\skip125
)
("C:\Program Files\MiKTeX 2.9\tex\latex\graphics\rotating.sty"
Package: rotating 2016/05/22 v2.16c rotated objects in LaTeX
\c@r@tfl@t=\count417
\rotFPtop=\skip126
\rotFPbot=\skip127
\rot@float@box=\box95
\rot@mess@toks=\toks73
) ("C:\Program Files\MiKTeX 2.9\tex\latex\natbib\natbib.sty"
Package: natbib 2010/09/13 8.31b (PWD, AO)
\bibhang=\skip128
\bibsep=\skip129
LaTeX Info: Redefining \cite on input line 694.
\c@NAT@ctr=\count418
))
\g__fontspec_family_PeriodicoDisplay_int=\count419
.................................................
. fontspec info: "no-font-shape"
. 
. Could not resolve font Periodico Display/I (it probably doesn't exist).
.................................................
.................................................
. fontspec info: "defining-font"
. 
. Font family 'PeriodicoDisplay(0)' created for font 'Periodico Display' with
. options [].
. 
. This font family consists of the following NFSS series/shapes:
. - 'normal' (m/n) with NFSS spec.: <->"Periodico
. Display/OT:script=latn;language=DFLT;"
. - 'small caps'  (m/sc) with NFSS spec.: - 'bold' (bx/n) with NFSS spec.:
. <->"Periodico Display/B/OT:script=latn;language=DFLT;"
. - 'bold small caps'  (bx/sc) with NFSS spec.: - 'bold italic' (bx/it) with
. NFSS spec.: <->"Periodico Display/BI/OT:script=latn;language=DFLT;"
. - 'bold italic small caps'  (bx/itsc) with NFSS spec.: 
.................................................
\g__fontspec_family_CamptonLight_int=\count420
.................................................
. fontspec info: "defining-font"
. 
. Font family 'CamptonLight(0)' created for font 'Campton Light' with options
. [].
. 
. This font family consists of the following NFSS series/shapes:
. - 'normal' (m/n) with NFSS spec.: <->"Campton
. Light/OT:script=latn;language=DFLT;"
. - 'small caps'  (m/sc) with NFSS spec.: - 'bold' (bx/n) with NFSS spec.:
. <->"Campton Light/B/OT:script=latn;language=DFLT;"
. - 'bold small caps'  (bx/sc) with NFSS spec.: - 'italic' (m/it) with NFSS
. spec.: <->"Campton Light/I/OT:script=latn;language=DFLT;"
. - 'italic small caps'  (m/itsc) with NFSS spec.: - 'bold italic' (bx/it)
. with NFSS spec.: <->"Campton Light/BI/OT:script=latn;language=DFLT;"
. - 'bold italic small caps'  (bx/itsc) with NFSS spec.: 
.................................................
\g__fontspec_family_CamptonMedium_int=\count421
.................................................
. fontspec info: "defining-font"
. 
. Font family 'CamptonMedium(0)' created for font 'Campton Medium' with
. options [].
. 
. This font family consists of the following NFSS series/shapes:
. - 'normal' (m/n) with NFSS spec.: <->"Campton
. Medium/OT:script=latn;language=DFLT;"
. - 'small caps'  (m/sc) with NFSS spec.: - 'bold' (bx/n) with NFSS spec.:
. <->"Campton Medium/B/OT:script=latn;language=DFLT;"
. - 'bold small caps'  (bx/sc) with NFSS spec.: - 'italic' (m/it) with NFSS
. spec.: <->"Campton Medium/I/OT:script=latn;language=DFLT;"
. - 'italic small caps'  (m/itsc) with NFSS spec.: - 'bold italic' (bx/it)
. with NFSS spec.: <->"Campton Medium/BI/OT:script=latn;language=DFLT;"
. - 'bold italic small caps'  (bx/itsc) with NFSS spec.: 
.................................................
 ("C:\Program Files\MiKTeX 2.9\tex\latex\media9\media9.sty"
("C:\Program Files\MiKTeX 2.9\tex\latex\oberdiek\atenddvi.sty"
Package: atenddvi 2016/05/16 v1.2 At end DVI hook (HO)

("C:\Program Files\MiKTeX 2.9\tex\latex\oberdiek\zref-abspage.sty"
Package: zref-abspage 2016/05/21 v2.26 Module abspage for zref (HO)

("C:\Program Files\MiKTeX 2.9\tex\latex\oberdiek\zref-base.sty"
Package: zref-base 2016/05/21 v2.26 Module base for zref (HO)
Package zref Info: New property list: main on input line 759.
Package zref Info: New property: default on input line 760.
Package zref Info: New property: page on input line 761.
)
\c@abspage=\count422
Package zref Info: New property: abspage on input line 62.
)
("C:\Program Files\MiKTeX 2.9\tex\latex\oberdiek\zref-lastpage.sty"
Package: zref-lastpage 2016/05/21 v2.26 Module lastpage for zref (HO)
Package zref Info: New property list: LastPage on input line 55.
))
Package: media9 2016/06/08 v0.69 acrobat-9/X compatible media
\g_mix_pkgresizeflag_int=\count423

("C:\Program Files\MiKTeX 2.9\tex\latex\media9\pdfbase.sty"
Package: pdfbase 2016/06/08 v0.9 driver independent access to low-level PDF features
\g_pbs_obj_int=\count424
\g_pbs_oc_int=\count425
) ("C:\Program Files\MiKTeX 2.9\tex\latex\ocgx2\ocgbase.sty"
Package: ocgbase 2016/03/11 v0.6 support package for ocgx2.sty
)
\l_mix_poster_box=\box96
\g_mix_wd_dim=\dimen311
\g_mix_ht_dim=\dimen312
\g_mix_dp_dim=\dimen313
\g_mix_rmcnt_int=\count426
\l_mix_viewcnt_int=\count427
\g@mix@page@int=\count428
\g_mix_resizeflag_int=\count429
\l_mix_lineno_int=\count430
.................................................
. LaTeX info: "xparse/define-command"
. 
. Defining command \addmediapath with sig. 'm' on line 823.
.................................................
\l_mix_pbtn_box=\box97
\mix@btn@dim=\dimen314
.................................................
. LaTeX info: "xparse/define-command"
. 
. Defining command \includemedia with sig. 'O{}mm' on line 1215.
.................................................
\g_mix_mbtncnt_int=\count431
.................................................
. LaTeX info: "xparse/define-command"
. 
. Defining command \mediabutton with sig. 'O{}m' on line 2421.
.................................................
) (Callister-Ch2-Quiz-Exam.aux

LaTeX Warning: Label `fig:interatomicseparation' multiply defined.


LaTeX Warning: Label `fig:NaClPair' multiply defined.


LaTeX Warning: Label `fig:interatomicseparation' multiply defined.

)
\openout1 = `Callister-Ch2-Quiz-Exam.aux'.

LaTeX Font Info:    Checking defaults for OML/cmm/m/it on input line 58.
LaTeX Font Info:    ... okay on input line 58.
LaTeX Font Info:    Checking defaults for T1/cmr/m/n on input line 58.
LaTeX Font Info:    ... okay on input line 58.
LaTeX Font Info:    Checking defaults for OT1/cmr/m/n on input line 58.
LaTeX Font Info:    ... okay on input line 58.
LaTeX Font Info:    Checking defaults for OMS/cmsy/m/n on input line 58.
LaTeX Font Info:    ... okay on input line 58.
LaTeX Font Info:    Checking defaults for OMX/cmex/m/n on input line 58.
LaTeX Font Info:    ... okay on input line 58.
LaTeX Font Info:    Checking defaults for U/cmr/m/n on input line 58.
LaTeX Font Info:    ... okay on input line 58.
LaTeX Font Info:    Checking defaults for EU1/lmr/m/n on input line 58.
LaTeX Font Info:    ... okay on input line 58.
LaTeX Font Info:    Checking defaults for T3/cmr/m/n on input line 58.
LaTeX Font Info:    Try loading font information for T3+cmr on input line 58.
 ("C:\Program Files\MiKTeX 2.9\tex\latex\tipa\t3cmr.fd"
File: t3cmr.fd 2001/12/31 TIPA font definitions
)
LaTeX Font Info:    ... okay on input line 58.
LaTeX Font Info:    Checking defaults for TS1/cmr/m/n on input line 58.
LaTeX Font Info:    ... okay on input line 58.
LaTeX Font Info:    Checking defaults for PD1/pdf/m/n on input line 58.
LaTeX Font Info:    ... okay on input line 58.
LaTeX Font Info:    Checking defaults for PU/pdf/m/n on input line 58.
LaTeX Font Info:    ... okay on input line 58.
Package caption Info: Begin \AtBeginDocument code.
Package caption Info: float package is loaded.
Package caption Info: hyperref package is loaded.
Package caption Info: rotating package is loaded.
Package caption Info: sidecap package is loaded.
Package caption Info: wrapfig package is loaded.
Package caption Info: End \AtBeginDocument code.
 ABD: EverySelectfont initializing macros
LaTeX Info: Redefining \selectfont on input line 58.
\AtBeginShipoutBox=\box98
Package hyperref Info: Link coloring ON on input line 58.

("C:\Program Files\MiKTeX 2.9\tex\latex\hyperref\nameref.sty"
Package: nameref 2016/05/21 v2.44 Cross-referencing by name of section

("C:\Program Files\MiKTeX 2.9\tex\generic\oberdiek\gettitlestring.sty"
Package: gettitlestring 2016/05/16 v1.5 Cleanup title references (HO)
)
\c@section@level=\count432
)
LaTeX Info: Redefining \ref on input line 58.
LaTeX Info: Redefining \pageref on input line 58.
LaTeX Info: Redefining \nameref on input line 58.

*geometry* detected driver: pdftex
*geometry* verbose mode - [ preamble ] result:
* driver: pdftex
* paper: letterpaper
* layout: <same size as paper>
* layoutoffset:(h,v)=(0.0pt,0.0pt)
* modes: 
* h-part:(L,W,R)=(72.26999pt, 469.75502pt, 72.26999pt)
* v-part:(T,H,B)=(72.26999pt, 650.43001pt, 72.26999pt)
* \paperwidth=614.295pt
* \paperheight=794.96999pt
* \textwidth=469.75502pt
* \textheight=650.43001pt
* \oddsidemargin=0.0pt
* \evensidemargin=0.0pt
* \topmargin=-30.0pt
* \headheight=15.0pt
* \headsep=15.0pt
* \topskip=11.0pt
* \footskip=29.0pt
* \marginparwidth=142.26378pt
* \marginparsep=5.0pt
* \columnsep=10.0pt
* \skip\footins=10.0pt plus 4.0pt minus 2.0pt
* \hoffset=0.0pt
* \voffset=0.0pt
* \mag=1000
* \@twocolumnfalse
* \@twosidefalse
* \@mparswitchfalse
* \@reversemargintrue
* (1in=72.27pt=25.4mm, 1cm=28.453pt)

.................................................
. chemgreek info: "mapping-activated"
. 
. Activating mapping `default' on line 58.
.................................................
\g__fontspec_family_latinmodern-math.otf_int=\count433
.................................................
. fontspec info: "defining-font"
. 
. Font family 'latinmodern-math.otf(0)' created for font
. 'latinmodern-math.otf' with options
. [BoldItalicFont={},ItalicFont={},Script=Math,SizeFeatures={{Size=10.95-},{Size=8-10.95,Font=latinmodern-math.otf,Style
=MathScript},{Size=-8,Font=latinmodern-math.otf,Style=MathScriptScript}},BoldFont={latinmodern-math.otf}].
. 
. This font family consists of the following NFSS series/shapes:
. - 'normal' (m/n) with NFSS spec.:
. <10.95->"[latinmodern-math]/OT:script=math;language=DFLT;"<8-10.95>"[latinmodern-math]/OT:script=math;language=DFLT;+s
sty=0;"<-8>"[latinmodern-math]/OT:script=math;language=DFLT;+ssty=1;"
. - 'small caps'  (m/sc) with NFSS spec.: - 'bold' (bx/n) with NFSS spec.:
. <->"[latinmodern-math]/OT:script=math;language=DFLT;"
. - 'bold small caps'  (bx/sc) with NFSS spec.: 
.................................................
LaTeX Font Info:    Encoding `OT1' has changed to `EU1' for symbol font
(Font)              `operators' in the math version `normal' on input line 58.
LaTeX Font Info:    Overwriting symbol font `operators' in version `normal'
(Font)                  OT1/lmr/m/n --> EU1/latinmodern-math.otf(0)/m/n on input line 58.
LaTeX Font Info:    Encoding `OT1' has changed to `EU1' for symbol font
(Font)              `operators' in the math version `bold' on input line 58.
LaTeX Font Info:    Overwriting symbol font `operators' in version `bold'
(Font)                  OT1/lmr/bx/n --> EU1/latinmodern-math.otf(0)/bx/n on input line 58.
.................................................
. fontspec info: "defining-font"
. 
. Font family 'latinmodern-math.otf(1)' created for font
. 'latinmodern-math.otf' with options
. [BoldItalicFont={},ItalicFont={},Script=Math,SizeFeatures={{Size=10.95-},{Size=8-10.95,Font=latinmodern-math.otf,Style
=MathScript},{Size=-8,Font=latinmodern-math.otf,Style=MathScriptScript}},BoldFont={latinmodern-math.otf},Scale=1.00001,F
ontAdjustment={\fontdimen
. 8\font =7.41315pt\relax \relax \fontdimen 9\font =4.3143pt\relax \relax
. \fontdimen 10\font =4.8618pt\relax \relax \fontdimen 11\font =7.5117pt\relax
. \relax \fontdimen 12\font =3.77776pt\relax \relax \fontdimen 13\font
. =3.97485pt\relax \relax \fontdimen 14\font =3.97485pt\relax \relax
. \fontdimen 15\font =3.16455pt\relax \relax \fontdimen 16\font
. =2.70465pt\relax \relax \fontdimen 17\font =2.70465pt\relax \relax
. \fontdimen 18\font =2.7375pt\relax \relax \fontdimen 19\font =2.19pt\relax
. \relax \fontdimen 20\font =0pt\relax \fontdimen 21\font =0pt\relax
. \fontdimen 22\font =2.7375pt\relax \relax }].
. 
. This font family consists of the following NFSS series/shapes:
. - 'normal' (m/n) with NFSS spec.:
. <10.95->s*[1.00001]"[latinmodern-math]/OT:script=math;language=DFLT;"<8-10.95>s*[1.00001]"[latinmodern-math]/OT:script
=math;language=DFLT;+ssty=0;"<-8>s*[1.00001]"[latinmodern-math]/OT:script=math;language=DFLT;+ssty=1;"
. - 'small caps'  (m/sc) with NFSS spec.: 
. and font adjustment code:
. \fontdimen 8\font =7.41315pt\relax \relax \fontdimen 9\font =4.3143pt\relax
. \relax \fontdimen 10\font =4.8618pt\relax \relax \fontdimen 11\font
. =7.5117pt\relax \relax \fontdimen 12\font =3.77776pt\relax \relax \fontdimen
. 13\font =3.97485pt\relax \relax \fontdimen 14\font =3.97485pt\relax \relax
. \fontdimen 15\font =3.16455pt\relax \relax \fontdimen 16\font
. =2.70465pt\relax \relax \fontdimen 17\font =2.70465pt\relax \relax
. \fontdimen 18\font =2.7375pt\relax \relax \fontdimen 19\font =2.19pt\relax
. \relax \fontdimen 20\font =0pt\relax \fontdimen 21\font =0pt\relax
. \fontdimen 22\font =2.7375pt\relax \relax - 'bold' (bx/n) with NFSS spec.:
. <->s*[1.00001]"[latinmodern-math]/OT:script=math;language=DFLT;"
. - 'bold small caps'  (bx/sc) with NFSS spec.: 
. and font adjustment code:
. \fontdimen 8\font =7.41315pt\relax \relax \fontdimen 9\font =4.3143pt\relax
. \relax \fontdimen 10\font =4.8618pt\relax \relax \fontdimen 11\font
. =7.5117pt\relax \relax \fontdimen 12\font =3.77776pt\relax \relax \fontdimen
. 13\font =3.97485pt\relax \relax \fontdimen 14\font =3.97485pt\relax \relax
. \fontdimen 15\font =3.16455pt\relax \relax \fontdimen 16\font
. =2.70465pt\relax \relax \fontdimen 17\font =2.70465pt\relax \relax
. \fontdimen 18\font =2.7375pt\relax \relax \fontdimen 19\font =2.19pt\relax
. \relax \fontdimen 20\font =0pt\relax \fontdimen 21\font =0pt\relax
. \fontdimen 22\font =2.7375pt\relax \relax 
.................................................
LaTeX Font Info:    Encoding `OMS' has changed to `EU1' for symbol font
(Font)              `symbols' in the math version `normal' on input line 58.
LaTeX Font Info:    Overwriting symbol font `symbols' in version `normal'
(Font)                  OMS/lmsy/m/n --> EU1/latinmodern-math.otf(1)/m/n on input line 58.
LaTeX Font Info:    Encoding `OMS' has changed to `EU1' for symbol font
(Font)              `symbols' in the math version `bold' on input line 58.
LaTeX Font Info:    Overwriting symbol font `symbols' in version `bold'
(Font)                  OMS/lmsy/b/n --> EU1/latinmodern-math.otf(1)/bx/n on input line 58.
.................................................
. fontspec info: "defining-font"
. 
. Font family 'latinmodern-math.otf(2)' created for font
. 'latinmodern-math.otf' with options
. [BoldItalicFont={},ItalicFont={},Script=Math,SizeFeatures={{Size=10.95-},{Size=8-10.95,Font=latinmodern-math.otf,Style
=MathScript},{Size=-8,Font=latinmodern-math.otf,Style=MathScriptScript}},BoldFont={latinmodern-math.otf},Scale=0.99999,F
ontAdjustment={\fontdimen
. 8\font =0.438pt\relax \relax \fontdimen 9\font =2.19pt\relax \relax
. \fontdimen 10\font =1.82864pt\relax \relax \fontdimen 11\font
. =1.21545pt\relax \relax \fontdimen 12\font =6.56999pt\relax \relax
. \fontdimen 13\font =0pt\relax }].
. 
. This font family consists of the following NFSS series/shapes:
. - 'normal' (m/n) with NFSS spec.:
. <10.95->s*[0.99999]"[latinmodern-math]/OT:script=math;language=DFLT;"<8-10.95>s*[0.99999]"[latinmodern-math]/OT:script
=math;language=DFLT;+ssty=0;"<-8>s*[0.99999]"[latinmodern-math]/OT:script=math;language=DFLT;+ssty=1;"
. - 'small caps'  (m/sc) with NFSS spec.: 
. and font adjustment code:
. \fontdimen 8\font =0.438pt\relax \relax \fontdimen 9\font =2.19pt\relax
. \relax \fontdimen 10\font =1.82864pt\relax \relax \fontdimen 11\font
. =1.21545pt\relax \relax \fontdimen 12\font =6.56999pt\relax \relax
. \fontdimen 13\font =0pt\relax - 'bold' (bx/n) with NFSS spec.:
. <->s*[0.99999]"[latinmodern-math]/OT:script=math;language=DFLT;"
. - 'bold small caps'  (bx/sc) with NFSS spec.: 
. and font adjustment code:
. \fontdimen 8\font =0.438pt\relax \relax \fontdimen 9\font =2.19pt\relax
. \relax \fontdimen 10\font =1.82864pt\relax \relax \fontdimen 11\font
. =1.21545pt\relax \relax \fontdimen 12\font =6.56999pt\relax \relax
. \fontdimen 13\font =0pt\relax 
.................................................
LaTeX Font Info:    Encoding `OMX' has changed to `EU1' for symbol font
(Font)              `largesymbols' in the math version `normal' on input line 58.
LaTeX Font Info:    Overwriting symbol font `largesymbols' in version `normal'
(Font)                  OMX/lmex/m/n --> EU1/latinmodern-math.otf(2)/m/n on input line 58.
LaTeX Font Info:    Encoding `OMX' has changed to `EU1' for symbol font
(Font)              `largesymbols' in the math version `bold' on input line 58.
LaTeX Font Info:    Overwriting symbol font `largesymbols' in version `bold'
(Font)                  OMX/lmex/m/n --> EU1/latinmodern-math.otf(2)/bx/n on input line 58.
("C:\Program Files\MiKTeX 2.9\tex\latex\oberdiek\pdflscape.sty"
Package: pdflscape 2016/05/14 v0.11 Display of landscape pages in PDF (HO)

("C:\Program Files\MiKTeX 2.9\tex\latex\graphics\lscape.sty"
Package: lscape 2000/10/22 v3.01 Landscape Pages (DPC)
)
Package pdflscape Info: Auto-detected driver: dvipdfm (xetex) on input line 99.
)
Package marginnote Info: \pdfoutput not 0 or unimportant and
(marginnote)             \pdflastxpos or \lastxpos available.
(marginnote)             Extended position detection mode activated.

Underfull \hbox (badness 10000) in paragraph at lines 65--69

 []

Missing character: There is no ^^B in font nullfont!
LaTeX Font Info:    Try loading font information for OML+lmm on input line 75.
("C:\Program Files\MiKTeX 2.9\tex\latex\lm\omllmm.fd"
File: omllmm.fd 2009/10/30 v1.6 Font defs for Latin Modern
)
LaTeX Font Info:    Font shape `EU1/latinmodern-math.otf(1)/m/n' will be
(Font)              scaled to size 12.00018pt on input line 75.
LaTeX Font Info:    Font shape `EU1/latinmodern-math.otf(1)/m/n' will be
(Font)              scaled to size 8.00012pt on input line 75.
LaTeX Font Info:    Font shape `EU1/latinmodern-math.otf(1)/m/n' will be
(Font)              scaled to size 6.00009pt on input line 75.
LaTeX Font Info:    Font shape `EU1/latinmodern-math.otf(2)/m/n' will be
(Font)              scaled to size 11.99982pt on input line 75.
LaTeX Font Info:    Font shape `EU1/latinmodern-math.otf(2)/m/n' will be
(Font)              scaled to size 7.99988pt on input line 75.
LaTeX Font Info:    Font shape `EU1/latinmodern-math.otf(2)/m/n' will be
(Font)              scaled to size 5.99991pt on input line 75.
LaTeX Font Info:    Try loading font information for U+msa on input line 75.
 ("C:\Program Files\MiKTeX 2.9\tex\latex\amsfonts\umsa.fd"
File: umsa.fd 2013/01/14 v3.01 AMS symbols A
)
LaTeX Font Info:    Try loading font information for U+msb on input line 75.

("C:\Program Files\MiKTeX 2.9\tex\latex\amsfonts\umsb.fd"
File: umsb.fd 2013/01/14 v3.01 AMS symbols B
)
LaTeX Font Info:    Try loading font information for EU1+lmtt on input line 80.
 ("C:\Program Files\MiKTeX 2.9\tex\latex\euenc\eu1lmtt.fd"
File: eu1lmtt.fd 2009/10/30 v1.6 Font defs for Latin Modern
)
LaTeX Font Info:    Font shape `EU1/latinmodern-math.otf(1)/m/n' will be
(Font)              scaled to size 9.00014pt on input line 80.
LaTeX Font Info:    Font shape `EU1/latinmodern-math.otf(1)/m/n' will be
(Font)              scaled to size 5.00008pt on input line 80.
LaTeX Font Info:    Font shape `EU1/latinmodern-math.otf(2)/m/n' will be
(Font)              scaled to size 8.99986pt on input line 80.
LaTeX Font Info:    Font shape `EU1/latinmodern-math.otf(2)/m/n' will be
(Font)              scaled to size 4.99992pt on input line 80.

("C:\Program Files\MiKTeX 2.9\tex\generic\oberdiek\se-ascii-print.def"
File: se-ascii-print.def 2016/05/16 v1.11 stringenc: Printable ASCII characters
) [1

] (C-Ch2-MC-Q01-01.tex
Package marginnote Info: Margin note 2.1 is on absolute page 2
(marginnote)              on input line 11.
Package marginnote Info: right page because not two side mode on input line 11.
Package marginnote Info: xpos seems to be 199.197pt,
(marginnote)             \marginnoteleftadjust ignored on input line 11.
 [2]) [3]
(C-Ch2-MC-Q01-02.tex
Package marginnote Info: Margin note 4.1 is on absolute page 4
(marginnote)              on input line 4.
Package marginnote Info: right page because not two side mode on input line 4.
Package marginnote Info: xpos seems to be 199.197pt,
(marginnote)             \marginnoteleftadjust ignored on input line 4.
) [4] (C-Ch2-MC-Q01-03.tex
Package marginnote Info: Margin note 5.1 is on absolute page 5
(marginnote)              on input line 4.
Package marginnote Info: right page because not two side mode on input line 4.
Package marginnote Info: xpos seems to be 199.197pt,
(marginnote)             \marginnoteleftadjust ignored on input line 4.
) [5] (C-Ch2-MC-Q01-04.tex
Package marginnote Info: Margin note 6.1 is on absolute page 6
(marginnote)              on input line 4.
Package marginnote Info: right page because not two side mode on input line 4.
Package marginnote Info: xpos seems to be 199.197pt,
(marginnote)             \marginnoteleftadjust ignored on input line 4.

Overfull \vbox (5.35794pt too high) detected at line 79
 []

[6]) [7] (C-Ch2-MC-Q01-05.tex
Package marginnote Info: Margin note 8.1 is on absolute page 8
(marginnote)              on input line 4.
Package marginnote Info: right page because not two side mode on input line 4.
Package marginnote Info: xpos seems to be 199.197pt,
(marginnote)             \marginnoteleftadjust ignored on input line 4.

Underfull \hbox (badness 10000) in paragraph at lines 30--31

 []

) [8] (C-Ch2-MC-Q01-06.tex
Package marginnote Info: Margin note 9.1 is on absolute page 9
(marginnote)              on input line 4.
Package marginnote Info: right page because not two side mode on input line 4.
Package marginnote Info: xpos seems to be 199.197pt,
(marginnote)             \marginnoteleftadjust ignored on input line 4.
) [9] (C-Ch2-MC-Q01-07.tex
Package marginnote Info: Margin note 10.1 is on absolute page 10
(marginnote)              on input line 4.
Package marginnote Info: right page because not two side mode on input line 4.
Package marginnote Info: xpos seems to be 199.197pt,
(marginnote)             \marginnoteleftadjust ignored on input line 4.
) [10] (C-Ch2-MC-Q01-08.tex
Package marginnote Info: Margin note 11.1 is on absolute page 11
(marginnote)              on input line 4.
Package marginnote Info: right page because not two side mode on input line 4.
Package marginnote Info: xpos seems to be 199.197pt,
(marginnote)             \marginnoteleftadjust ignored on input line 4.
) [11] (C-Ch2-MC-Q01-09.tex
Package marginnote Info: Margin note 12.1 is on absolute page 12
(marginnote)              on input line 4.
Package marginnote Info: right page because not two side mode on input line 4.
Package marginnote Info: xpos seems to be 199.197pt,
(marginnote)             \marginnoteleftadjust ignored on input line 4.
) [12]
(C-Ch2-MC-Q01-10.tex
Package marginnote Info: Margin note 13.1 is on absolute page 13
(marginnote)              on input line 5.
Package marginnote Info: right page because not two side mode on input line 5.
Package marginnote Info: xpos seems to be 199.197pt,
(marginnote)             \marginnoteleftadjust ignored on input line 5.
) [13] (C-Ch2-MC-Q01-11.tex
Package marginnote Info: Margin note 14.1 is on absolute page 14
(marginnote)              on input line 4.
Package marginnote Info: right page because not two side mode on input line 4.
Package marginnote Info: xpos seems to be 199.197pt,
(marginnote)             \marginnoteleftadjust ignored on input line 4.
) [14] (C-Ch2-MC-Q01-12.tex
Package marginnote Info: Margin note 15.1 is on absolute page 15
(marginnote)              on input line 5.
Package marginnote Info: right page because not two side mode on input line 5.
Package marginnote Info: xpos seems to be 199.197pt,
(marginnote)             \marginnoteleftadjust ignored on input line 5.
File: C:/Users/Jonathan Emery/Documents/Northwestern-Lecturer/Coursework/Course Documents/MAT_SCI 201 Question Bank/Quiz
-Exam/Figures/C-Ch2-MC-Q1-12_Fig.pdf Graphic file (type QTm)

<use  "C:/Users/Jonathan Emery/Documents/Northwestern-Lecturer/Coursework/Course Documents/MAT_SCI 201 Question Bank/Qui
z-Exam/Figures/C-Ch2-MC-Q1-12_Fig.pdf" >) [15] (C-Ch2-MC-Q02-01.tex
Package marginnote Info: Margin note 16.1 is on absolute page 16
(marginnote)              on input line 4.
Package marginnote Info: right page because not two side mode on input line 4.
Package marginnote Info: xpos seems to be 199.197pt,
(marginnote)             \marginnoteleftadjust ignored on input line 4.
) [16] (C-Ch2-MC-Q02-02.tex
Package marginnote Info: Margin note 17.1 is on absolute page 17
(marginnote)              on input line 4.
Package marginnote Info: right page because not two side mode on input line 4.
Package marginnote Info: xpos seems to be 199.197pt,
(marginnote)             \marginnoteleftadjust ignored on input line 4.
) [17]
(C-Ch2-MC-Q03-01.tex
Package marginnote Info: Margin note 18.1 is on absolute page 18
(marginnote)              on input line 4.
Package marginnote Info: right page because not two side mode on input line 4.
Package marginnote Info: xpos seems to be 199.197pt,
(marginnote)             \marginnoteleftadjust ignored on input line 4.
) [18] (C-Ch2-MC-Q03-02.tex) [19] (C-Ch2-MC-Q03-03.tex) [20] (C-Ch2-MC-Q04-01.tex
File: C:/Users/Jonathan Emery/Documents/Northwestern-Lecturer/Coursework/Course Documents/MAT_SCI 201 Question Bank/Quiz
-Exam/Figures/InteratomicSeparation.pdf Graphic file (type QTm)

<use  "C:/Users/Jonathan Emery/Documents/Northwestern-Lecturer/Coursework/Course Documents/MAT_SCI 201 Question Bank/Qui
z-Exam/Figures/InteratomicSeparation.pdf" > [21]) [22] (C-Ch2-MC-Q04-02.tex
File: C:/Users/Jonathan Emery/Documents/Northwestern-Lecturer/Coursework/Course Documents/MAT_SCI 201 Question Bank/Quiz
-Exam/Figures/InteratomicSeparation-2.pdf Graphic file (type QTm)

<use  "C:/Users/Jonathan Emery/Documents/Northwestern-Lecturer/Coursework/Course Documents/MAT_SCI 201 Question Bank/Qui
z-Exam/Figures/InteratomicSeparation-2.pdf" > [23] [24]) [25] (C-Ch2-MC-Q04-03.tex
File: C:/Users/Jonathan Emery/Documents/Northwestern-Lecturer/Coursework/Course Documents/MAT_SCI 201 Question Bank/Quiz
-Exam/Figures/InteratomicSeparation.pdf Graphic file (type QTm)

<use  "C:/Users/Jonathan Emery/Documents/Northwestern-Lecturer/Coursework/Course Documents/MAT_SCI 201 Question Bank/Qui
z-Exam/Figures/InteratomicSeparation.pdf" > [26] [27]) [28] (C-Ch2-MC-Q05-01.tex
File: C:/Users/Jonathan Emery/Documents/Northwestern-Lecturer/Coursework/Course Documents/MAT_SCI 201 Question Bank/Quiz
-Exam/Figures/InteratomicSeparation-2.pdf Graphic file (type QTm)

<use  "C:/Users/Jonathan Emery/Documents/Northwestern-Lecturer/Coursework/Course Documents/MAT_SCI 201 Question Bank/Qui
z-Exam/Figures/InteratomicSeparation-2.pdf" >
LaTeX Font Info:    Font shape `EU1/latinmodern-math.otf(1)/m/n' will be
(Font)              scaled to size 10.95015pt on input line 12.
LaTeX Font Info:    Font shape `EU1/latinmodern-math.otf(1)/m/n' will be
(Font)              scaled to size 7.67863pt on input line 12.
LaTeX Font Info:    Font shape `EU1/latinmodern-math.otf(1)/m/n' will be
(Font)              scaled to size 5.45398pt on input line 12.
LaTeX Font Info:    Font shape `EU1/latinmodern-math.otf(2)/m/n' will be
(Font)              scaled to size 10.94983pt on input line 12.
LaTeX Font Info:    Font shape `EU1/latinmodern-math.otf(2)/m/n' will be
(Font)              scaled to size 7.6784pt on input line 12.
LaTeX Font Info:    Font shape `EU1/latinmodern-math.otf(2)/m/n' will be
(Font)              scaled to size 5.45381pt on input line 12.
) [29] [30] (C-Ch2-MC-Q06-01.tex [31]) [32] (C-Ch2-MC-Q06-02.tex) [33]
(C-Ch2-MC-Q06-03.tex) [34] (C-Ch2-MC-Q06-04.tex) [35] (C-Ch2-MC-Q08-01.tex) [36] (C-Ch2-MC-Q09-02.tex) [37]
(C-Ch2-MC-Q09-03.tex) [38] (C-Ch2-MC-Q09-04.tex
Underfull \hbox (badness 10000) in alignment at lines 19--19
[][] 
 []

[39]) [40] (C-Ch2-MC-Q09-05.tex) [41] (C-Ch2-MC-Q09-06.tex [42]) [43] (C-Ch2-MC-Q09-07.tex) [44] (C-Ch2-MC-Q09-08.tex)
[45] (C-Ch2-MC-Q10-01.tex [46]) [47] (C-Ch2-MC-Q10-02.tex) [48] (C-Ch2-MC-Q11-01.tex
File: C:/Users/Jonathan Emery/Documents/Northwestern-Lecturer/Coursework/Course Documents/MAT_SCI 201 Question Bank/Quiz
-Exam/Figures/InteratomicSeparation-2.pdf Graphic file (type QTm)

<use  "C:/Users/Jonathan Emery/Documents/Northwestern-Lecturer/Coursework/Course Documents/MAT_SCI 201 Question Bank/Qui
z-Exam/Figures/InteratomicSeparation-2.pdf" > [49]) [50] (C-Ch2-MC-Q12-01.tex) [51] (C-Ch2-MC-Q13-01.tex
File: C:/Users/Jonathan Emery/Documents/Northwestern-Lecturer/Coursework/Course Documents/MAT_SCI 201 Question Bank/Quiz
-Exam/Figures/InteratomicSeparation.pdf Graphic file (type QTm)

<use  "C:/Users/Jonathan Emery/Documents/Northwestern-Lecturer/Coursework/Course Documents/MAT_SCI 201 Question Bank/Qui
z-Exam/Figures/InteratomicSeparation.pdf" >
Underfull \hbox (badness 10000) in paragraph at lines 14--15

 []


Underfull \hbox (badness 10000) in paragraph at lines 25--26

 []


Underfull \hbox (badness 10000) in paragraph at lines 27--29

 []


Underfull \hbox (badness 10000) in paragraph at lines 30--32

 []

[52]) [53] (C-Ch2-MC-Q13-02.tex
Underfull \hbox (badness 10000) in paragraph at lines 4--5

 []


Underfull \hbox (badness 10000) in paragraph at lines 17--18

 []


Underfull \hbox (badness 10000) in paragraph at lines 19--21

 []

) [54] (C-Ch2-MC-Q13-03.tex
Underfull \hbox (badness 10000) in paragraph at lines 4--5

 []


Underfull \hbox (badness 10000) in paragraph at lines 15--16

 []


Underfull \hbox (badness 10000) in paragraph at lines 17--19

 []

) [55] (C-Ch2-Sketch-Q01-01.tex
File: C:/Users/Jonathan Emery/Documents/Northwestern-Lecturer/Coursework/Course Documents/MAT_SCI 201 Question Bank/Quiz
-Exam/Figures/C-Ch2-Sketch-Q1-1-Fig.pdf Graphic file (type QTm)

<use  "C:/Users/Jonathan Emery/Documents/Northwestern-Lecturer/Coursework/Course Documents/MAT_SCI 201 Question Bank/Qui
z-Exam/Figures/C-Ch2-Sketch-Q1-1-Fig.pdf" > [56]
File: C:/Users/Jonathan Emery/Documents/Northwestern-Lecturer/Coursework/Course Documents/MAT_SCI 201 Question Bank/Quiz
-Exam/Figures/C-Ch2-Sketch-Q1-1-Fig-Sol.pdf Graphic file (type QTm)

<use  "C:/Users/Jonathan Emery/Documents/Northwestern-Lecturer/Coursework/Course Documents/MAT_SCI 201 Question Bank/Qui
z-Exam/Figures/C-Ch2-Sketch-Q1-1-Fig-Sol.pdf" > [57])
Package atenddvi Info: Last page = 58.
 [58]
This exam contains 42 questions with 0 parts, 0 subparts, and 0 subsubparts.
This exam has a total of 62 points.
This exam has a total of 0 bonus points.
Package atveryend Info: Empty hook `BeforeClearDocument' on input line 166.
Package atveryend Info: Executing hook `AfterLastShipout' on input line 166.
(Callister-Ch2-Quiz-Exam.aux)
Package atveryend Info: Empty hook `AtVeryEndDocument' on input line 166.
Package atveryend Info: Empty hook `AtEndAfterFileList' on input line 166.


LaTeX Warning: There were multiply-defined labels.

 ) 
Here is how much of TeX's memory you used:
 39142 strings out of 428409
 671686 string characters out of 3160632
 911697 words of memory out of 3000000
 41798 multiletter control sequences out of 15000+200000
 17450 words of font info for 133 fonts, out of 3000000 for 9000
 1328 hyphenation exceptions out of 8191
 62i,21n,94p,10456b,705s stack positions out of 5000i,500n,10000p,200000b,50000s

Output written on Callister-Ch2-Quiz-Exam.pdf (58 pages).
